2024-06-04 14:19:24.443 [info] Reading sessions from keychain...
2024-06-04 14:19:24.472 [info] Getting sessions for read:user,repo,user:email,workflow...
2024-06-04 14:19:24.473 [info] Getting sessions for read:user,repo,user:email,workflow...
2024-06-04 14:19:24.474 [info] Got 0 sessions for read:user,repo,user:email,workflow...
2024-06-04 14:19:24.474 [info] Got 0 sessions for read:user,repo,user:email,workflow...
2024-06-04 14:19:24.568 [info] Getting sessions for read:user...
2024-06-04 14:19:24.568 [info] Got 0 sessions for read:user...
2024-06-04 14:19:24.568 [info] Getting sessions for read:user...
2024-06-04 14:19:24.568 [info] Got 0 sessions for read:user...
2024-06-04 14:19:24.682 [info] Getting sessions for user:email...
2024-06-04 14:19:24.682 [info] Got 0 sessions for user:email...
2024-06-04 14:19:24.683 [info] Getting sessions for user:email...
2024-06-04 14:19:24.683 [info] Got 0 sessions for user:email...
2024-06-04 14:19:24.962 [info] Getting sessions for all scopes...
2024-06-04 14:19:24.962 [info] Got 0 sessions for ...
2024-06-04 14:19:24.973 [info] Getting sessions for read:user,repo,user:email,workflow...
2024-06-04 14:19:24.973 [info] Got 0 sessions for read:user,repo,user:email,workflow...
2024-06-04 14:19:24.994 [info] Getting sessions for read:user...
2024-06-04 14:19:24.994 [info] Got 0 sessions for read:user...
2024-06-04 14:19:25.010 [info] Getting sessions for user:email...
2024-06-04 14:19:25.010 [info] Got 0 sessions for user:email...
