2024-06-17 14:37:01.594 [info] Reading sessions from keychain...
2024-06-17 14:37:01.626 [info] Getting sessions for read:user,repo,user:email,workflow...
2024-06-17 14:37:01.627 [info] Got 0 sessions for read:user,repo,user:email,workflow...
2024-06-17 14:37:01.627 [info] Getting sessions for read:user,repo,user:email,workflow...
2024-06-17 14:37:01.627 [info] Got 0 sessions for read:user,repo,user:email,workflow...
2024-06-17 14:37:01.632 [info] Getting sessions for read:user...
2024-06-17 14:37:01.632 [info] Got 0 sessions for read:user...
2024-06-17 14:37:01.632 [info] Getting sessions for read:user...
2024-06-17 14:37:01.632 [info] Got 0 sessions for read:user...
2024-06-17 14:37:01.649 [info] Getting sessions for user:email...
2024-06-17 14:37:01.649 [info] Got 0 sessions for user:email...
2024-06-17 14:37:01.686 [info] Getting sessions for user:email...
2024-06-17 14:37:01.687 [info] Got 0 sessions for user:email...
2024-06-17 14:37:01.922 [info] Getting sessions for read:user,repo,user:email,workflow...
2024-06-17 14:37:01.922 [info] Got 0 sessions for read:user,repo,user:email,workflow...
2024-06-17 14:37:01.996 [info] Getting sessions for read:user...
2024-06-17 14:37:01.996 [info] Got 0 sessions for read:user...
2024-06-17 14:37:02.001 [info] Getting sessions for all scopes...
2024-06-17 14:37:02.001 [info] Got 0 sessions for ...
2024-06-17 14:37:02.028 [info] Getting sessions for user:email...
2024-06-17 14:37:02.028 [info] Got 0 sessions for user:email...
