2024-06-04 14:27:07.483 [info] Reading sessions from keychain...
2024-06-04 14:27:07.574 [info] Getting sessions for read:user,repo,user:email,workflow...
2024-06-04 14:27:07.584 [info] Getting sessions for read:user,repo,user:email,workflow...
2024-06-04 14:27:07.704 [info] Got 0 sessions for read:user,repo,user:email,workflow...
2024-06-04 14:27:07.704 [info] Got 0 sessions for read:user,repo,user:email,workflow...
2024-06-04 14:27:07.725 [info] Getting sessions for read:user...
2024-06-04 14:27:07.725 [info] Got 0 sessions for read:user...
2024-06-04 14:27:07.733 [info] Getting sessions for read:user...
2024-06-04 14:27:07.733 [info] Got 0 sessions for read:user...
2024-06-04 14:27:07.740 [info] Getting sessions for user:email...
2024-06-04 14:27:07.740 [info] Got 0 sessions for user:email...
2024-06-04 14:27:07.744 [info] Getting sessions for user:email...
2024-06-04 14:27:07.744 [info] Got 0 sessions for user:email...
2024-06-04 14:27:08.107 [info] Getting sessions for read:user,repo,user:email,workflow...
2024-06-04 14:27:08.107 [info] Got 0 sessions for read:user,repo,user:email,workflow...
2024-06-04 14:27:08.287 [info] Getting sessions for read:user...
2024-06-04 14:27:08.287 [info] Got 0 sessions for read:user...
2024-06-04 14:27:08.308 [info] Getting sessions for user:email...
2024-06-04 14:27:08.308 [info] Got 0 sessions for user:email...
2024-06-04 14:27:08.963 [info] Getting sessions for all scopes...
2024-06-04 14:27:08.963 [info] Got 0 sessions for ...
