2024-06-04 14:14:12.571 [info] Reading sessions from keychain...
2024-06-04 14:14:12.571 [info] Getting sessions for read:user,repo,user:email,workflow...
2024-06-04 14:14:12.571 [info] Got 0 sessions for read:user,repo,user:email,workflow...
2024-06-04 14:14:12.589 [info] Getting sessions for read:user...
2024-06-04 14:14:12.589 [info] Got 0 sessions for read:user...
2024-06-04 14:14:12.610 [info] Getting sessions for user:email...
2024-06-04 14:14:12.610 [info] Got 0 sessions for user:email...
2024-06-04 14:14:12.860 [info] Getting sessions for read:user,repo,user:email,workflow...
2024-06-04 14:14:12.860 [info] Got 0 sessions for read:user,repo,user:email,workflow...
2024-06-04 14:14:12.861 [info] Getting sessions for read:user...
2024-06-04 14:14:12.861 [info] Got 0 sessions for read:user...
2024-06-04 14:14:12.865 [info] Getting sessions for user:email...
2024-06-04 14:14:12.865 [info] Got 0 sessions for user:email...
2024-06-04 14:14:12.907 [info] Getting sessions for read:user,repo,user:email,workflow...
2024-06-04 14:14:12.907 [info] Got 0 sessions for read:user,repo,user:email,workflow...
2024-06-04 14:14:12.908 [info] Getting sessions for read:user...
2024-06-04 14:14:12.908 [info] Got 0 sessions for read:user...
2024-06-04 14:14:12.911 [info] Getting sessions for user:email...
2024-06-04 14:14:12.911 [info] Got 0 sessions for user:email...
2024-06-04 14:14:14.041 [info] Getting sessions for all scopes...
2024-06-04 14:14:14.041 [info] Got 0 sessions for ...
