2024-06-04 13:53:22.691 [info] Reading sessions from keychain...
2024-06-04 13:53:22.691 [info] Getting sessions for all scopes...
2024-06-04 13:53:22.691 [info] Got 0 sessions for ...
2024-06-04 13:53:22.691 [info] Getting sessions for all scopes...
2024-06-04 13:53:22.691 [info] Got 0 sessions for ...
2024-06-04 13:53:22.691 [info] Getting sessions for read:user,repo,user:email,workflow...
2024-06-04 13:53:22.691 [info] Got 0 sessions for read:user,repo,user:email,workflow...
2024-06-04 13:53:22.693 [info] Getting sessions for read:user...
2024-06-04 13:53:22.693 [info] Got 0 sessions for read:user...
2024-06-04 13:53:22.696 [info] Getting sessions for user:email...
2024-06-04 13:53:22.696 [info] Got 0 sessions for user:email...
2024-06-04 13:53:22.981 [info] Getting sessions for read:user,repo,user:email,workflow...
2024-06-04 13:53:22.981 [info] Got 0 sessions for read:user,repo,user:email,workflow...
2024-06-04 13:53:22.982 [info] Getting sessions for read:user...
2024-06-04 13:53:22.982 [info] Got 0 sessions for read:user...
2024-06-04 13:53:22.983 [info] Getting sessions for user:email...
2024-06-04 13:53:22.983 [info] Got 0 sessions for user:email...
2024-06-04 13:53:23.001 [info] Getting sessions for read:user,repo,user:email,workflow...
2024-06-04 13:53:23.001 [info] Got 0 sessions for read:user,repo,user:email,workflow...
2024-06-04 13:53:23.003 [info] Getting sessions for read:user...
2024-06-04 13:53:23.003 [info] Got 0 sessions for read:user...
2024-06-04 13:53:23.004 [info] Getting sessions for user:email...
2024-06-04 13:53:23.004 [info] Got 0 sessions for user:email...
