2024-06-04 13:40:35.278 [info] Reading sessions from keychain...
2024-06-04 13:40:35.278 [info] Getting sessions for all scopes...
2024-06-04 13:40:35.278 [info] Got 0 sessions for ...
2024-06-04 13:40:35.278 [info] Getting sessions for read:user,repo,user:email,workflow...
2024-06-04 13:40:35.278 [info] Got 0 sessions for read:user,repo,user:email,workflow...
2024-06-04 13:40:35.281 [info] Getting sessions for read:user...
2024-06-04 13:40:35.281 [info] Got 0 sessions for read:user...
2024-06-04 13:40:35.283 [info] Getting sessions for user:email...
2024-06-04 13:40:35.283 [info] Got 0 sessions for user:email...
2024-06-04 13:40:35.991 [info] Getting sessions for read:user,repo,user:email,workflow...
2024-06-04 13:40:35.991 [info] Got 0 sessions for read:user,repo,user:email,workflow...
2024-06-04 13:40:35.994 [info] Getting sessions for read:user...
2024-06-04 13:40:35.994 [info] Got 0 sessions for read:user...
2024-06-04 13:40:35.997 [info] Getting sessions for user:email...
2024-06-04 13:40:35.997 [info] Got 0 sessions for user:email...
2024-06-04 13:40:36.024 [info] Getting sessions for read:user,repo,user:email,workflow...
2024-06-04 13:40:36.024 [info] Got 0 sessions for read:user,repo,user:email,workflow...
2024-06-04 13:40:36.026 [info] Getting sessions for read:user...
2024-06-04 13:40:36.026 [info] Got 0 sessions for read:user...
2024-06-04 13:40:36.029 [info] Getting sessions for user:email...
2024-06-04 13:40:36.029 [info] Got 0 sessions for user:email...
2024-06-04 13:40:36.032 [info] Getting sessions for all scopes...
2024-06-04 13:40:36.032 [info] Got 0 sessions for ...
2024-06-04 13:40:36.276 [info] Getting sessions for all scopes...
2024-06-04 13:40:36.277 [info] Got 0 sessions for ...
2024-06-04 13:40:53.497 [info] Reading sessions from keychain...
2024-06-04 13:40:53.497 [info] Getting sessions for all scopes...
2024-06-04 13:40:53.497 [info] Got 0 sessions for ...
2024-06-04 13:40:53.497 [info] Getting sessions for all scopes...
2024-06-04 13:40:53.497 [info] Got 0 sessions for ...
2024-06-04 13:40:54.283 [info] Getting sessions for read:user,repo,user:email,workflow...
2024-06-04 13:40:54.283 [info] Got 0 sessions for read:user,repo,user:email,workflow...
2024-06-04 13:40:54.310 [info] Getting sessions for read:user...
2024-06-04 13:40:54.310 [info] Got 0 sessions for read:user...
2024-06-04 13:40:54.316 [info] Getting sessions for user:email...
2024-06-04 13:40:54.316 [info] Got 0 sessions for user:email...
2024-06-04 13:40:54.911 [info] Getting sessions for read:user,repo,user:email,workflow...
2024-06-04 13:40:54.912 [info] Got 0 sessions for read:user,repo,user:email,workflow...
2024-06-04 13:40:54.917 [info] Getting sessions for read:user...
2024-06-04 13:40:54.917 [info] Got 0 sessions for read:user...
2024-06-04 13:40:54.919 [info] Getting sessions for user:email...
2024-06-04 13:40:54.919 [info] Got 0 sessions for user:email...
2024-06-04 13:40:54.943 [info] Getting sessions for read:user,repo,user:email,workflow...
2024-06-04 13:40:54.943 [info] Got 0 sessions for read:user,repo,user:email,workflow...
2024-06-04 13:40:54.948 [info] Getting sessions for read:user...
2024-06-04 13:40:54.949 [info] Got 0 sessions for read:user...
2024-06-04 13:40:54.950 [info] Getting sessions for user:email...
2024-06-04 13:40:54.950 [info] Got 0 sessions for user:email...
