2024-06-04 13:38:43.785 [info] Reading sessions from keychain...
2024-06-04 13:38:43.785 [info] Getting sessions for all scopes...
2024-06-04 13:38:43.785 [info] Got 0 sessions for ...
2024-06-04 13:38:43.785 [info] Getting sessions for read:user,repo,user:email,workflow...
2024-06-04 13:38:43.785 [info] Got 0 sessions for read:user,repo,user:email,workflow...
2024-06-04 13:38:43.787 [info] Getting sessions for read:user...
2024-06-04 13:38:43.787 [info] Got 0 sessions for read:user...
2024-06-04 13:38:43.789 [info] Getting sessions for user:email...
2024-06-04 13:38:43.789 [info] Got 0 sessions for user:email...
2024-06-04 13:38:44.640 [info] Getting sessions for read:user,repo,user:email,workflow...
2024-06-04 13:38:44.640 [info] Got 0 sessions for read:user,repo,user:email,workflow...
2024-06-04 13:38:44.724 [info] Getting sessions for read:user...
2024-06-04 13:38:44.724 [info] Got 0 sessions for read:user...
2024-06-04 13:38:44.734 [info] Getting sessions for all scopes...
2024-06-04 13:38:44.734 [info] Got 0 sessions for ...
2024-06-04 13:38:44.813 [info] Getting sessions for user:email...
2024-06-04 13:38:44.813 [info] Got 0 sessions for user:email...
2024-06-04 13:38:44.899 [info] Getting sessions for read:user,repo,user:email,workflow...
2024-06-04 13:38:44.899 [info] Got 0 sessions for read:user,repo,user:email,workflow...
2024-06-04 13:38:44.930 [info] Getting sessions for read:user...
2024-06-04 13:38:44.931 [info] Got 0 sessions for read:user...
2024-06-04 13:38:44.996 [info] Getting sessions for user:email...
2024-06-04 13:38:44.996 [info] Got 0 sessions for user:email...
2024-06-04 13:38:44.997 [info] Getting sessions for all scopes...
2024-06-04 13:38:44.997 [info] Got 0 sessions for ...
