2024-06-04 13:36:57.402 [info] Reading sessions from keychain...
2024-06-04 13:36:57.402 [info] Getting sessions for all scopes...
2024-06-04 13:36:57.402 [info] Got 0 sessions for ...
2024-06-04 13:36:57.419 [info] Getting sessions for read:user,repo,user:email,workflow...
2024-06-04 13:36:57.419 [info] Got 0 sessions for read:user,repo,user:email,workflow...
2024-06-04 13:36:57.424 [info] Getting sessions for read:user...
2024-06-04 13:36:57.424 [info] Got 0 sessions for read:user...
2024-06-04 13:36:57.426 [info] Getting sessions for user:email...
2024-06-04 13:36:57.426 [info] Got 0 sessions for user:email...
2024-06-04 13:36:57.884 [info] Getting sessions for read:user,repo,user:email,workflow...
2024-06-04 13:36:57.884 [info] Got 0 sessions for read:user,repo,user:email,workflow...
2024-06-04 13:36:57.885 [info] Getting sessions for read:user...
2024-06-04 13:36:57.885 [info] Got 0 sessions for read:user...
2024-06-04 13:36:57.886 [info] Getting sessions for user:email...
2024-06-04 13:36:57.886 [info] Got 0 sessions for user:email...
2024-06-04 13:36:57.919 [info] Getting sessions for read:user,repo,user:email,workflow...
2024-06-04 13:36:57.919 [info] Got 0 sessions for read:user,repo,user:email,workflow...
2024-06-04 13:36:58.023 [info] Getting sessions for read:user...
2024-06-04 13:36:58.023 [info] Got 0 sessions for read:user...
2024-06-04 13:36:58.250 [info] Getting sessions for user:email...
2024-06-04 13:36:58.250 [info] Got 0 sessions for user:email...
