2025.02.07 13:01:10 INFO  Started: Metals version 1.5.1 in folders '/home/albert/Documents/Kandidat/ProgSprog/MinimalScalaProject' for client Neovim 0.11.0-dev.[0m
2025.02.07 13:01:11 INFO  no build target found for /home/albert/Documents/Kandidat/ProgSprog/MinimalScalaProject/Main.scala. Using presentation compiler with project's scala-library version: 3.3.4[0m
2025.02.07 13:01:11 INFO  no build target found for /home/albert/Documents/Kandidat/ProgSprog/MinimalScalaProject/Main.scala. Using presentation compiler with project's scala-library version: 3.3.4[0m
2025.02.07 13:01:14 WARN  Could not find semantic tokens for: file:///home/albert/Documents/Kandidat/ProgSprog/MinimalScalaProject/Main.scala[0m
2025.02.07 13:01:23 INFO  no build target found for /home/albert/Documents/Kandidat/ProgSprog/MinimalScalaProject/Main.scala. Using presentation compiler with project's scala-library version: 3.3.4[0m
2025.02.07 13:01:24 INFO  no build target found for /home/albert/Documents/Kandidat/ProgSprog/MinimalScalaProject/Main.scala. Using presentation compiler with project's scala-library version: 3.3.4[0m
2025.02.07 13:01:25 INFO  Shutting down server[0m
2025.02.07 13:01:25 INFO  shutting down Metals[0m
2025.02.07 13:01:52 INFO  Started: Metals version 1.5.1 in folders '/home/albert/Documents/Kandidat/ProgSprog/MinimalScalaProject' for client Neovim 0.11.0-dev.[0m
2025.02.07 13:01:54 INFO  no build target found for /home/albert/Documents/Kandidat/ProgSprog/MinimalScalaProject/src/main/scala/Main.scala. Using presentation compiler with project's scala-library version: 3.3.4[0m
2025.02.07 13:01:55 INFO  no build target found for /home/albert/Documents/Kandidat/ProgSprog/MinimalScalaProject/src/main/scala/Main.scala. Using presentation compiler with project's scala-library version: 3.3.4[0m
2025.02.07 13:01:55 INFO  skipping build import with status 'Dismissed'[0m
2025.02.07 13:01:55 INFO  no build target found for /home/albert/Documents/Kandidat/ProgSprog/MinimalScalaProject/src/main/scala/Main.scala. Using presentation compiler with project's scala-library version: 3.3.4[0m
2025.02.07 13:01:56 INFO  no build target found for /home/albert/Documents/Kandidat/ProgSprog/MinimalScalaProject/src/main/scala/Main.scala. Using presentation compiler with project's scala-library version: 3.3.4[0m
2025.02.07 13:01:56 INFO  no build target found for /home/albert/Documents/Kandidat/ProgSprog/MinimalScalaProject/src/main/scala/Main.scala. Using presentation compiler with project's scala-library version: 3.3.4[0m
2025.02.07 13:01:56 INFO  no build target found for /home/albert/Documents/Kandidat/ProgSprog/MinimalScalaProject/src/main/scala/Main.scala. Using presentation compiler with project's scala-library version: 3.3.4[0m
2025.02.07 13:01:56 INFO  no build target found for /home/albert/Documents/Kandidat/ProgSprog/MinimalScalaProject/src/main/scala/Main.scala. Using presentation compiler with project's scala-library version: 3.3.4[0m
Feb 07, 2025 1:01:56 PM org.eclipse.lsp4j.jsonrpc.RemoteEndpoint handleCancellation
WARNING: Unmatched cancel notification for request id 2
2025.02.07 13:01:56 INFO  no build target found for /home/albert/Documents/Kandidat/ProgSprog/MinimalScalaProject/src/main/scala/Main.scala. Using presentation compiler with project's scala-library version: 3.3.4[0m
2025.02.07 13:01:56 INFO  no build target found for /home/albert/Documents/Kandidat/ProgSprog/MinimalScalaProject/src/main/scala/Main.scala. Using presentation compiler with project's scala-library version: 3.3.4[0m
2025.02.07 13:01:56 INFO  no build target found for /home/albert/Documents/Kandidat/ProgSprog/MinimalScalaProject/src/main/scala/Main.scala. Using presentation compiler with project's scala-library version: 3.3.4[0m
2025.02.07 13:01:56 INFO  no build target found for /home/albert/Documents/Kandidat/ProgSprog/MinimalScalaProject/src/main/scala/Main.scala. Using presentation compiler with project's scala-library version: 3.3.4[0m
2025.02.07 13:01:57 INFO  no build target found for /home/albert/Documents/Kandidat/ProgSprog/MinimalScalaProject/src/main/scala/Main.scala. Using presentation compiler with project's scala-library version: 3.3.4[0m
2025.02.07 13:01:56 INFO  no build target found for /home/albert/Documents/Kandidat/ProgSprog/MinimalScalaProject/src/main/scala/Main.scala. Using presentation compiler with project's scala-library version: 3.3.4[0m
2025.02.07 13:01:56 INFO  no build target found for /home/albert/Documents/Kandidat/ProgSprog/MinimalScalaProject/src/main/scala/Main.scala. Using presentation compiler with project's scala-library version: 3.3.4[0m
Feb 07, 2025 1:01:57 PM org.eclipse.lsp4j.jsonrpc.RemoteEndpoint handleCancellation
WARNING: Unmatched cancel notification for request id 5
2025.02.07 13:01:57 INFO  no build target found for /home/albert/Documents/Kandidat/ProgSprog/MinimalScalaProject/src/main/scala/Main.scala. Using presentation compiler with project's scala-library version: 3.3.4[0m
2025.02.07 13:01:56 INFO  no build target found for /home/albert/Documents/Kandidat/ProgSprog/MinimalScalaProject/src/main/scala/Main.scala. Using presentation compiler with project's scala-library version: 3.3.4[0m
2025.02.07 13:01:56 INFO  no build target found for /home/albert/Documents/Kandidat/ProgSprog/MinimalScalaProject/src/main/scala/Main.scala. Using presentation compiler with project's scala-library version: 3.3.4[0m
2025.02.07 13:01:56 INFO  no build target found for /home/albert/Documents/Kandidat/ProgSprog/MinimalScalaProject/src/main/scala/Main.scala. Using presentation compiler with project's scala-library version: 3.3.4[0m
Feb 07, 2025 1:01:57 PM org.eclipse.lsp4j.jsonrpc.RemoteEndpoint handleCancellation
WARNING: Unmatched cancel notification for request id 7
2025.02.07 13:01:57 INFO  no build target found for /home/albert/Documents/Kandidat/ProgSprog/MinimalScalaProject/src/main/scala/Main.scala. Using presentation compiler with project's scala-library version: 3.3.4[0m
2025.02.07 13:01:56 INFO  no build target found for /home/albert/Documents/Kandidat/ProgSprog/MinimalScalaProject/src/main/scala/Main.scala. Using presentation compiler with project's scala-library version: 3.3.4[0m
Feb 07, 2025 1:01:57 PM org.eclipse.lsp4j.jsonrpc.RemoteEndpoint handleCancellation
WARNING: Unmatched cancel notification for request id 8
2025.02.07 13:01:57 INFO  no build target found for /home/albert/Documents/Kandidat/ProgSprog/MinimalScalaProject/src/main/scala/Main.scala. Using presentation compiler with project's scala-library version: 3.3.4[0m
2025.02.07 13:01:57 INFO  no build target found for /home/albert/Documents/Kandidat/ProgSprog/MinimalScalaProject/src/main/scala/Main.scala. Using presentation compiler with project's scala-library version: 3.3.4[0m
2025.02.07 13:01:57 INFO  no build target found for /home/albert/Documents/Kandidat/ProgSprog/MinimalScalaProject/src/main/scala/Main.scala. Using presentation compiler with project's scala-library version: 3.3.4[0m
2025.02.07 13:01:58 INFO  no build target found for /home/albert/Documents/Kandidat/ProgSprog/MinimalScalaProject/src/main/scala/Main.scala. Using presentation compiler with project's scala-library version: 3.3.4[0m
2025.02.07 13:01:57 INFO  no build target found for /home/albert/Documents/Kandidat/ProgSprog/MinimalScalaProject/src/main/scala/Main.scala. Using presentation compiler with project's scala-library version: 3.3.4[0m
2025.02.07 13:01:58 INFO  no build target found for /home/albert/Documents/Kandidat/ProgSprog/MinimalScalaProject/src/main/scala/Main.scala. Using presentation compiler with project's scala-library version: 3.3.4[0m
2025.02.07 13:01:57 INFO  no build target found for /home/albert/Documents/Kandidat/ProgSprog/MinimalScalaProject/src/main/scala/Main.scala. Using presentation compiler with project's scala-library version: 3.3.4[0m
2025.02.07 13:01:58 INFO  no build target found for /home/albert/Documents/Kandidat/ProgSprog/MinimalScalaProject/src/main/scala/Main.scala. Using presentation compiler with project's scala-library version: 3.3.4[0m
2025.02.07 13:01:59 INFO  no build target found for /home/albert/Documents/Kandidat/ProgSprog/MinimalScalaProject/src/main/scala/Main.scala. Using presentation compiler with project's scala-library version: 3.3.4[0m
2025.02.07 13:01:59 INFO  no build target found for /home/albert/Documents/Kandidat/ProgSprog/MinimalScalaProject/src/main/scala/Main.scala. Using presentation compiler with project's scala-library version: 3.3.4[0m
2025.02.07 13:01:59 INFO  no build target found for /home/albert/Documents/Kandidat/ProgSprog/MinimalScalaProject/src/main/scala/Main.scala. Using presentation compiler with project's scala-library version: 3.3.4[0m
2025.02.07 13:01:59 INFO  no build target found for /home/albert/Documents/Kandidat/ProgSprog/MinimalScalaProject/src/main/scala/Main.scala. Using presentation compiler with project's scala-library version: 3.3.4[0m
2025.02.07 13:01:59 INFO  no build target found for /home/albert/Documents/Kandidat/ProgSprog/MinimalScalaProject/src/main/scala/Main.scala. Using presentation compiler with project's scala-library version: 3.3.4[0m
2025.02.07 13:01:59 INFO  no build target found for /home/albert/Documents/Kandidat/ProgSprog/MinimalScalaProject/src/main/scala/Main.scala. Using presentation compiler with project's scala-library version: 3.3.4[0m
2025.02.07 13:02:06 INFO  no build target found for /home/albert/Documents/Kandidat/ProgSprog/MinimalScalaProject/src/main/scala/Main.scala. Using presentation compiler with project's scala-library version: 3.3.4[0m
2025.02.07 13:02:06 INFO  no build target found for /home/albert/Documents/Kandidat/ProgSprog/MinimalScalaProject/src/main/scala/Main.scala. Using presentation compiler with project's scala-library version: 3.3.4[0m
2025.02.07 13:02:06 INFO  no build target found for /home/albert/Documents/Kandidat/ProgSprog/MinimalScalaProject/src/main/scala/Main.scala. Using presentation compiler with project's scala-library version: 3.3.4[0m
2025.02.07 13:02:06 INFO  no build target found for /home/albert/Documents/Kandidat/ProgSprog/MinimalScalaProject/src/main/scala/Main.scala. Using presentation compiler with project's scala-library version: 3.3.4[0m
2025.02.07 13:02:06 INFO  no build target found for /home/albert/Documents/Kandidat/ProgSprog/MinimalScalaProject/src/main/scala/Main.scala. Using presentation compiler with project's scala-library version: 3.3.4[0m
2025.02.07 13:02:07 INFO  no build target found for /home/albert/Documents/Kandidat/ProgSprog/MinimalScalaProject/src/main/scala/Main.scala. Using presentation compiler with project's scala-library version: 3.3.4[0m
2025.02.07 13:02:06 INFO  no build target found for /home/albert/Documents/Kandidat/ProgSprog/MinimalScalaProject/src/main/scala/Main.scala. Using presentation compiler with project's scala-library version: 3.3.4[0m
2025.02.07 13:02:07 INFO  no build target found for /home/albert/Documents/Kandidat/ProgSprog/MinimalScalaProject/src/main/scala/Main.scala. Using presentation compiler with project's scala-library version: 3.3.4[0m
2025.02.07 13:02:08 INFO  no build target found for /home/albert/Documents/Kandidat/ProgSprog/MinimalScalaProject/src/main/scala/Main.scala. Using presentation compiler with project's scala-library version: 3.3.4[0m
2025.02.07 13:02:08 INFO  no build target found for /home/albert/Documents/Kandidat/ProgSprog/MinimalScalaProject/src/main/scala/Main.scala. Using presentation compiler with project's scala-library version: 3.3.4[0m
2025.02.07 13:02:08 INFO  no build target found for /home/albert/Documents/Kandidat/ProgSprog/MinimalScalaProject/src/main/scala/Main.scala. Using presentation compiler with project's scala-library version: 3.3.4[0m
2025.02.07 13:02:08 INFO  no build target found for /home/albert/Documents/Kandidat/ProgSprog/MinimalScalaProject/src/main/scala/Main.scala. Using presentation compiler with project's scala-library version: 3.3.4[0m
2025.02.07 13:02:08 INFO  no build target found for /home/albert/Documents/Kandidat/ProgSprog/MinimalScalaProject/src/main/scala/Main.scala. Using presentation compiler with project's scala-library version: 3.3.4[0m
2025.02.07 13:02:08 INFO  no build target found for /home/albert/Documents/Kandidat/ProgSprog/MinimalScalaProject/src/main/scala/Main.scala. Using presentation compiler with project's scala-library version: 3.3.4[0m
2025.02.07 13:02:08 INFO  no build target found for /home/albert/Documents/Kandidat/ProgSprog/MinimalScalaProject/src/main/scala/Main.scala. Using presentation compiler with project's scala-library version: 3.3.4[0m
2025.02.07 13:02:11 INFO  no build target found for /home/albert/Documents/Kandidat/ProgSprog/MinimalScalaProject/src/main/scala/Main.scala. Using presentation compiler with project's scala-library version: 3.3.4[0m
2025.02.07 13:02:11 INFO  no build target found for /home/albert/Documents/Kandidat/ProgSprog/MinimalScalaProject/src/main/scala/Main.scala. Using presentation compiler with project's scala-library version: 3.3.4[0m
2025.02.07 13:02:11 INFO  no build target found for /home/albert/Documents/Kandidat/ProgSprog/MinimalScalaProject/src/main/scala/Main.scala. Using presentation compiler with project's scala-library version: 3.3.4[0m
2025.02.07 13:02:11 INFO  no build target found for /home/albert/Documents/Kandidat/ProgSprog/MinimalScalaProject/src/main/scala/Main.scala. Using presentation compiler with project's scala-library version: 3.3.4[0m
2025.02.07 13:02:11 INFO  no build target found for /home/albert/Documents/Kandidat/ProgSprog/MinimalScalaProject/src/main/scala/Main.scala. Using presentation compiler with project's scala-library version: 3.3.4[0m
2025.02.07 13:02:11 INFO  no build target found for /home/albert/Documents/Kandidat/ProgSprog/MinimalScalaProject/src/main/scala/Main.scala. Using presentation compiler with project's scala-library version: 3.3.4[0m
2025.02.07 13:02:11 INFO  no build target found for /home/albert/Documents/Kandidat/ProgSprog/MinimalScalaProject/src/main/scala/Main.scala. Using presentation compiler with project's scala-library version: 3.3.4[0m
2025.02.07 13:02:12 INFO  no build target found for /home/albert/Documents/Kandidat/ProgSprog/MinimalScalaProject/src/main/scala/Main.scala. Using presentation compiler with project's scala-library version: 3.3.4[0m
2025.02.07 13:02:12 INFO  no build target found for /home/albert/Documents/Kandidat/ProgSprog/MinimalScalaProject/src/main/scala/Main.scala. Using presentation compiler with project's scala-library version: 3.3.4[0m
2025.02.07 13:02:12 INFO  no build target found for /home/albert/Documents/Kandidat/ProgSprog/MinimalScalaProject/src/main/scala/Main.scala. Using presentation compiler with project's scala-library version: 3.3.4[0m
2025.02.07 13:02:13 INFO  no build target found for /home/albert/Documents/Kandidat/ProgSprog/MinimalScalaProject/src/main/scala/Main.scala. Using presentation compiler with project's scala-library version: 3.3.4[0m
2025.02.07 13:02:14 INFO  no build target found for /home/albert/Documents/Kandidat/ProgSprog/MinimalScalaProject/src/main/scala/Main.scala. Using presentation compiler with project's scala-library version: 3.3.4[0m
2025.02.07 13:02:14 INFO  no build target found for /home/albert/Documents/Kandidat/ProgSprog/MinimalScalaProject/src/main/scala/Main.scala. Using presentation compiler with project's scala-library version: 3.3.4[0m
2025.02.07 13:02:14 INFO  no build target found for /home/albert/Documents/Kandidat/ProgSprog/MinimalScalaProject/src/main/scala/Main.scala. Using presentation compiler with project's scala-library version: 3.3.4[0m
2025.02.07 13:02:15 INFO  no build target found for /home/albert/Documents/Kandidat/ProgSprog/MinimalScalaProject/src/main/scala/Main.scala. Using presentation compiler with project's scala-library version: 3.3.4[0m
2025.02.07 13:02:15 INFO  no build target found for /home/albert/Documents/Kandidat/ProgSprog/MinimalScalaProject/src/main/scala/Main.scala. Using presentation compiler with project's scala-library version: 3.3.4[0m
2025.02.07 13:02:15 INFO  no build target found for /home/albert/Documents/Kandidat/ProgSprog/MinimalScalaProject/src/main/scala/Main.scala. Using presentation compiler with project's scala-library version: 3.3.4[0m
2025.02.07 13:02:15 INFO  no build target found for /home/albert/Documents/Kandidat/ProgSprog/MinimalScalaProject/src/main/scala/Main.scala. Using presentation compiler with project's scala-library version: 3.3.4[0m
2025.02.07 13:02:16 INFO  no build target found for /home/albert/Documents/Kandidat/ProgSprog/MinimalScalaProject/src/main/scala/Main.scala. Using presentation compiler with project's scala-library version: 3.3.4[0m
2025.02.07 13:02:16 INFO  no build target found for /home/albert/Documents/Kandidat/ProgSprog/MinimalScalaProject/src/main/scala/Main.scala. Using presentation compiler with project's scala-library version: 3.3.4[0m
2025.02.07 13:02:16 INFO  no build target found for /home/albert/Documents/Kandidat/ProgSprog/MinimalScalaProject/src/main/scala/Main.scala. Using presentation compiler with project's scala-library version: 3.3.4[0m
2025.02.07 13:02:16 INFO  no build target found for /home/albert/Documents/Kandidat/ProgSprog/MinimalScalaProject/src/main/scala/Main.scala. Using presentation compiler with project's scala-library version: 3.3.4[0m
2025.02.07 13:02:16 INFO  no build target found for /home/albert/Documents/Kandidat/ProgSprog/MinimalScalaProject/src/main/scala/Main.scala. Using presentation compiler with project's scala-library version: 3.3.4[0m
2025.02.07 13:02:17 INFO  no build target found for /home/albert/Documents/Kandidat/ProgSprog/MinimalScalaProject/src/main/scala/Main.scala. Using presentation compiler with project's scala-library version: 3.3.4[0m
2025.02.07 13:02:17 INFO  no build target found for /home/albert/Documents/Kandidat/ProgSprog/MinimalScalaProject/src/main/scala/Main.scala. Using presentation compiler with project's scala-library version: 3.3.4[0m
2025.02.07 13:02:18 INFO  no build target found for /home/albert/Documents/Kandidat/ProgSprog/MinimalScalaProject/src/main/scala/Main.scala. Using presentation compiler with project's scala-library version: 3.3.4[0m
2025.02.07 13:02:19 INFO  no build target found for /home/albert/Documents/Kandidat/ProgSprog/MinimalScalaProject/src/main/scala/Main.scala. Using presentation compiler with project's scala-library version: 3.3.4[0m
2025.02.07 13:02:19 INFO  no build target found for /home/albert/Documents/Kandidat/ProgSprog/MinimalScalaProject/src/main/scala/Main.scala. Using presentation compiler with project's scala-library version: 3.3.4[0m
2025.02.07 13:02:19 INFO  no build target found for /home/albert/Documents/Kandidat/ProgSprog/MinimalScalaProject/src/main/scala/Main.scala. Using presentation compiler with project's scala-library version: 3.3.4[0m
2025.02.07 13:02:19 INFO  no build target found for /home/albert/Documents/Kandidat/ProgSprog/MinimalScalaProject/src/main/scala/Main.scala. Using presentation compiler with project's scala-library version: 3.3.4[0m
2025.02.07 13:02:20 INFO  no build target found for /home/albert/Documents/Kandidat/ProgSprog/MinimalScalaProject/src/main/scala/Main.scala. Using presentation compiler with project's scala-library version: 3.3.4[0m
2025.02.07 13:02:22 INFO  no build target found for /home/albert/Documents/Kandidat/ProgSprog/MinimalScalaProject/src/main/scala/Main.scala. Using presentation compiler with project's scala-library version: 3.3.4[0m
2025.02.07 13:02:22 INFO  no build target found for /home/albert/Documents/Kandidat/ProgSprog/MinimalScalaProject/src/main/scala/Main.scala. Using presentation compiler with project's scala-library version: 3.3.4[0m
2025.02.07 13:02:22 INFO  no build target found for /home/albert/Documents/Kandidat/ProgSprog/MinimalScalaProject/src/main/scala/Main.scala. Using presentation compiler with project's scala-library version: 3.3.4[0m
2025.02.07 13:02:23 INFO  no build target found for /home/albert/Documents/Kandidat/ProgSprog/MinimalScalaProject/src/main/scala/Main.scala. Using presentation compiler with project's scala-library version: 3.3.4[0m
2025.02.07 13:02:23 INFO  no build target found for /home/albert/Documents/Kandidat/ProgSprog/MinimalScalaProject/src/main/scala/Main.scala. Using presentation compiler with project's scala-library version: 3.3.4[0m
2025.02.07 13:02:23 INFO  no build target found for /home/albert/Documents/Kandidat/ProgSprog/MinimalScalaProject/src/main/scala/Main.scala. Using presentation compiler with project's scala-library version: 3.3.4[0m
2025.02.07 13:02:23 INFO  no build target found for /home/albert/Documents/Kandidat/ProgSprog/MinimalScalaProject/src/main/scala/Main.scala. Using presentation compiler with project's scala-library version: 3.3.4[0m
2025.02.07 13:02:25 INFO  no build target found for /home/albert/Documents/Kandidat/ProgSprog/MinimalScalaProject/src/main/scala/Main.scala. Using presentation compiler with project's scala-library version: 3.3.4[0m
2025.02.07 13:02:25 INFO  no build target found for /home/albert/Documents/Kandidat/ProgSprog/MinimalScalaProject/src/main/scala/Main.scala. Using presentation compiler with project's scala-library version: 3.3.4[0m
2025.02.07 13:02:26 INFO  no build target found for /home/albert/Documents/Kandidat/ProgSprog/MinimalScalaProject/src/main/scala/Main.scala. Using presentation compiler with project's scala-library version: 3.3.4[0m
2025.02.07 13:02:32 INFO  no build target found for /home/albert/Documents/Kandidat/ProgSprog/MinimalScalaProject/src/main/scala/Main.scala. Using presentation compiler with project's scala-library version: 3.3.4[0m
2025.02.07 13:02:32 INFO  no build target found for /home/albert/Documents/Kandidat/ProgSprog/MinimalScalaProject/src/main/scala/Main.scala. Using presentation compiler with project's scala-library version: 3.3.4[0m
2025.02.07 13:02:32 INFO  no build target found for /home/albert/Documents/Kandidat/ProgSprog/MinimalScalaProject/src/main/scala/Main.scala. Using presentation compiler with project's scala-library version: 3.3.4[0m
2025.02.07 13:02:32 INFO  no build target found for /home/albert/Documents/Kandidat/ProgSprog/MinimalScalaProject/src/main/scala/Main.scala. Using presentation compiler with project's scala-library version: 3.3.4[0m
2025.02.07 13:02:32 INFO  no build target found for /home/albert/Documents/Kandidat/ProgSprog/MinimalScalaProject/src/main/scala/Main.scala. Using presentation compiler with project's scala-library version: 3.3.4[0m
2025.02.07 13:02:33 INFO  no build target found for /home/albert/Documents/Kandidat/ProgSprog/MinimalScalaProject/src/main/scala/Main.scala. Using presentation compiler with project's scala-library version: 3.3.4[0m
2025.02.07 13:02:34 INFO  no build target found for /home/albert/Documents/Kandidat/ProgSprog/MinimalScalaProject/src/main/scala/Main.scala. Using presentation compiler with project's scala-library version: 3.3.4[0m
2025.02.07 13:02:34 INFO  no build target found for /home/albert/Documents/Kandidat/ProgSprog/MinimalScalaProject/src/main/scala/Main.scala. Using presentation compiler with project's scala-library version: 3.3.4[0m
2025.02.07 13:02:34 INFO  no build target found for /home/albert/Documents/Kandidat/ProgSprog/MinimalScalaProject/src/main/scala/Main.scala. Using presentation compiler with project's scala-library version: 3.3.4[0m
2025.02.07 13:02:34 INFO  no build target found for /home/albert/Documents/Kandidat/ProgSprog/MinimalScalaProject/src/main/scala/Main.scala. Using presentation compiler with project's scala-library version: 3.3.4[0m
2025.02.07 13:02:34 INFO  no build target found for /home/albert/Documents/Kandidat/ProgSprog/MinimalScalaProject/src/main/scala/Main.scala. Using presentation compiler with project's scala-library version: 3.3.4[0m
2025.02.07 13:02:35 INFO  no build target found for /home/albert/Documents/Kandidat/ProgSprog/MinimalScalaProject/src/main/scala/Main.scala. Using presentation compiler with project's scala-library version: 3.3.4[0m
2025.02.07 13:02:36 INFO  no build target found for /home/albert/Documents/Kandidat/ProgSprog/MinimalScalaProject/src/main/scala/Main.scala. Using presentation compiler with project's scala-library version: 3.3.4[0m
2025.02.07 13:02:35 INFO  no build target found for /home/albert/Documents/Kandidat/ProgSprog/MinimalScalaProject/src/main/scala/Main.scala. Using presentation compiler with project's scala-library version: 3.3.4[0m
2025.02.07 13:02:35 INFO  no build target found for /home/albert/Documents/Kandidat/ProgSprog/MinimalScalaProject/src/main/scala/Main.scala. Using presentation compiler with project's scala-library version: 3.3.4[0m
2025.02.07 13:02:36 INFO  no build target found for /home/albert/Documents/Kandidat/ProgSprog/MinimalScalaProject/src/main/scala/Main.scala. Using presentation compiler with project's scala-library version: 3.3.4[0m
2025.02.07 13:02:38 INFO  no build target found for /home/albert/Documents/Kandidat/ProgSprog/MinimalScalaProject/src/main/scala/Main.scala. Using presentation compiler with project's scala-library version: 3.3.4[0m
2025.02.07 13:02:38 INFO  no build target found for /home/albert/Documents/Kandidat/ProgSprog/MinimalScalaProject/src/main/scala/Main.scala. Using presentation compiler with project's scala-library version: 3.3.4[0m
2025.02.07 13:04:05 INFO  no build target found for /home/albert/Documents/Kandidat/ProgSprog/MinimalScalaProject/src/main/scala/Main.scala. Using presentation compiler with project's scala-library version: 3.3.4[0m
2025.02.07 13:04:05 INFO  no build target found for /home/albert/Documents/Kandidat/ProgSprog/MinimalScalaProject/src/main/scala/Main.scala. Using presentation compiler with project's scala-library version: 3.3.4[0m
2025.02.07 13:04:05 INFO  no build target found for /home/albert/Documents/Kandidat/ProgSprog/MinimalScalaProject/src/main/scala/Main.scala. Using presentation compiler with project's scala-library version: 3.3.4[0m
2025.02.07 13:04:05 INFO  no build target found for /home/albert/Documents/Kandidat/ProgSprog/MinimalScalaProject/src/main/scala/Main.scala. Using presentation compiler with project's scala-library version: 3.3.4[0m
2025.02.07 13:04:06 INFO  no build target found for /home/albert/Documents/Kandidat/ProgSprog/MinimalScalaProject/src/main/scala/Main.scala. Using presentation compiler with project's scala-library version: 3.3.4[0m
2025.02.07 13:04:05 INFO  no build target found for /home/albert/Documents/Kandidat/ProgSprog/MinimalScalaProject/src/main/scala/Main.scala. Using presentation compiler with project's scala-library version: 3.3.4[0m
2025.02.07 13:04:05 INFO  no build target found for /home/albert/Documents/Kandidat/ProgSprog/MinimalScalaProject/src/main/scala/Main.scala. Using presentation compiler with project's scala-library version: 3.3.4[0m
2025.02.07 13:04:06 INFO  no build target found for /home/albert/Documents/Kandidat/ProgSprog/MinimalScalaProject/src/main/scala/Main.scala. Using presentation compiler with project's scala-library version: 3.3.4[0m
2025.02.07 13:04:07 INFO  no build target found for /home/albert/Documents/Kandidat/ProgSprog/MinimalScalaProject/src/main/scala/Main.scala. Using presentation compiler with project's scala-library version: 3.3.4[0m
2025.02.07 13:04:07 INFO  no build target found for /home/albert/Documents/Kandidat/ProgSprog/MinimalScalaProject/src/main/scala/Main.scala. Using presentation compiler with project's scala-library version: 3.3.4[0m
2025.02.07 13:04:08 INFO  no build target found for /home/albert/Documents/Kandidat/ProgSprog/MinimalScalaProject/src/main/scala/Main.scala. Using presentation compiler with project's scala-library version: 3.3.4[0m
2025.02.07 13:04:09 INFO  no build target found for /home/albert/Documents/Kandidat/ProgSprog/MinimalScalaProject/src/main/scala/Main.scala. Using presentation compiler with project's scala-library version: 3.3.4[0m
2025.02.07 13:04:09 INFO  no build target found for /home/albert/Documents/Kandidat/ProgSprog/MinimalScalaProject/src/main/scala/Main.scala. Using presentation compiler with project's scala-library version: 3.3.4[0m
2025.02.07 13:04:09 INFO  no build target found for /home/albert/Documents/Kandidat/ProgSprog/MinimalScalaProject/src/main/scala/Main.scala. Using presentation compiler with project's scala-library version: 3.3.4[0m
2025.02.07 13:04:09 INFO  no build target found for /home/albert/Documents/Kandidat/ProgSprog/MinimalScalaProject/src/main/scala/Main.scala. Using presentation compiler with project's scala-library version: 3.3.4[0m
2025.02.07 13:04:09 INFO  no build target found for /home/albert/Documents/Kandidat/ProgSprog/MinimalScalaProject/src/main/scala/Main.scala. Using presentation compiler with project's scala-library version: 3.3.4[0m
2025.02.07 13:04:09 INFO  no build target found for /home/albert/Documents/Kandidat/ProgSprog/MinimalScalaProject/src/main/scala/Main.scala. Using presentation compiler with project's scala-library version: 3.3.4[0m
2025.02.07 13:04:09 INFO  no build target found for /home/albert/Documents/Kandidat/ProgSprog/MinimalScalaProject/src/main/scala/Main.scala. Using presentation compiler with project's scala-library version: 3.3.4[0m
2025.02.07 13:04:09 INFO  no build target found for /home/albert/Documents/Kandidat/ProgSprog/MinimalScalaProject/src/main/scala/Main.scala. Using presentation compiler with project's scala-library version: 3.3.4[0m
2025.02.07 13:04:09 INFO  no build target found for /home/albert/Documents/Kandidat/ProgSprog/MinimalScalaProject/src/main/scala/Main.scala. Using presentation compiler with project's scala-library version: 3.3.4[0m
2025.02.07 13:04:09 INFO  no build target found for /home/albert/Documents/Kandidat/ProgSprog/MinimalScalaProject/src/main/scala/Main.scala. Using presentation compiler with project's scala-library version: 3.3.4[0m
2025.02.07 13:04:10 INFO  no build target found for /home/albert/Documents/Kandidat/ProgSprog/MinimalScalaProject/src/main/scala/Main.scala. Using presentation compiler with project's scala-library version: 3.3.4[0m
2025.02.07 13:04:10 INFO  no build target found for /home/albert/Documents/Kandidat/ProgSprog/MinimalScalaProject/src/main/scala/Main.scala. Using presentation compiler with project's scala-library version: 3.3.4[0m
2025.02.07 13:04:10 INFO  no build target found for /home/albert/Documents/Kandidat/ProgSprog/MinimalScalaProject/src/main/scala/Main.scala. Using presentation compiler with project's scala-library version: 3.3.4[0m
2025.02.07 13:04:10 INFO  no build target found for /home/albert/Documents/Kandidat/ProgSprog/MinimalScalaProject/src/main/scala/Main.scala. Using presentation compiler with project's scala-library version: 3.3.4[0m
2025.02.07 13:04:11 INFO  no build target found for /home/albert/Documents/Kandidat/ProgSprog/MinimalScalaProject/src/main/scala/Main.scala. Using presentation compiler with project's scala-library version: 3.3.4[0m
2025.02.07 13:04:13 INFO  no build target found for /home/albert/Documents/Kandidat/ProgSprog/MinimalScalaProject/src/main/scala/Main.scala. Using presentation compiler with project's scala-library version: 3.3.4[0m
2025.02.07 13:04:13 INFO  no build target found for /home/albert/Documents/Kandidat/ProgSprog/MinimalScalaProject/src/main/scala/Main.scala. Using presentation compiler with project's scala-library version: 3.3.4[0m
2025.02.07 13:04:13 INFO  no build target found for /home/albert/Documents/Kandidat/ProgSprog/MinimalScalaProject/src/main/scala/Main.scala. Using presentation compiler with project's scala-library version: 3.3.4[0m
2025.02.07 13:04:13 INFO  no build target found for /home/albert/Documents/Kandidat/ProgSprog/MinimalScalaProject/src/main/scala/Main.scala. Using presentation compiler with project's scala-library version: 3.3.4[0m
2025.02.07 13:04:14 INFO  no build target found for /home/albert/Documents/Kandidat/ProgSprog/MinimalScalaProject/src/main/scala/Main.scala. Using presentation compiler with project's scala-library version: 3.3.4[0m
2025.02.07 13:04:13 INFO  no build target found for /home/albert/Documents/Kandidat/ProgSprog/MinimalScalaProject/src/main/scala/Main.scala. Using presentation compiler with project's scala-library version: 3.3.4[0m
2025.02.07 13:04:14 INFO  no build target found for /home/albert/Documents/Kandidat/ProgSprog/MinimalScalaProject/src/main/scala/Main.scala. Using presentation compiler with project's scala-library version: 3.3.4[0m
2025.02.07 13:04:14 INFO  no build target found for /home/albert/Documents/Kandidat/ProgSprog/MinimalScalaProject/src/main/scala/Main.scala. Using presentation compiler with project's scala-library version: 3.3.4[0m
2025.02.07 13:04:14 INFO  no build target found for /home/albert/Documents/Kandidat/ProgSprog/MinimalScalaProject/src/main/scala/Main.scala. Using presentation compiler with project's scala-library version: 3.3.4[0m
2025.02.07 13:04:15 INFO  no build target found for /home/albert/Documents/Kandidat/ProgSprog/MinimalScalaProject/src/main/scala/Main.scala. Using presentation compiler with project's scala-library version: 3.3.4[0m
2025.02.07 13:04:14 INFO  no build target found for /home/albert/Documents/Kandidat/ProgSprog/MinimalScalaProject/src/main/scala/Main.scala. Using presentation compiler with project's scala-library version: 3.3.4[0m
2025.02.07 13:04:15 INFO  no build target found for /home/albert/Documents/Kandidat/ProgSprog/MinimalScalaProject/src/main/scala/Main.scala. Using presentation compiler with project's scala-library version: 3.3.4[0m
2025.02.07 13:04:14 INFO  no build target found for /home/albert/Documents/Kandidat/ProgSprog/MinimalScalaProject/src/main/scala/Main.scala. Using presentation compiler with project's scala-library version: 3.3.4[0m
2025.02.07 13:04:14 INFO  no build target found for /home/albert/Documents/Kandidat/ProgSprog/MinimalScalaProject/src/main/scala/Main.scala. Using presentation compiler with project's scala-library version: 3.3.4[0m
2025.02.07 13:04:15 INFO  no build target found for /home/albert/Documents/Kandidat/ProgSprog/MinimalScalaProject/src/main/scala/Main.scala. Using presentation compiler with project's scala-library version: 3.3.4[0m
2025.02.07 13:04:16 INFO  no build target found for /home/albert/Documents/Kandidat/ProgSprog/MinimalScalaProject/src/main/scala/Main.scala. Using presentation compiler with project's scala-library version: 3.3.4[0m
2025.02.07 13:04:16 INFO  no build target found for /home/albert/Documents/Kandidat/ProgSprog/MinimalScalaProject/src/main/scala/Main.scala. Using presentation compiler with project's scala-library version: 3.3.4[0m
2025.02.07 13:04:16 INFO  no build target found for /home/albert/Documents/Kandidat/ProgSprog/MinimalScalaProject/src/main/scala/Main.scala. Using presentation compiler with project's scala-library version: 3.3.4[0m
2025.02.07 13:04:16 INFO  no build target found for /home/albert/Documents/Kandidat/ProgSprog/MinimalScalaProject/src/main/scala/Main.scala. Using presentation compiler with project's scala-library version: 3.3.4[0m
2025.02.07 13:04:16 INFO  no build target found for /home/albert/Documents/Kandidat/ProgSprog/MinimalScalaProject/src/main/scala/Main.scala. Using presentation compiler with project's scala-library version: 3.3.4[0m
2025.02.07 13:04:17 INFO  no build target found for /home/albert/Documents/Kandidat/ProgSprog/MinimalScalaProject/src/main/scala/Main.scala. Using presentation compiler with project's scala-library version: 3.3.4[0m
2025.02.07 13:04:17 INFO  no build target found for /home/albert/Documents/Kandidat/ProgSprog/MinimalScalaProject/src/main/scala/Main.scala. Using presentation compiler with project's scala-library version: 3.3.4[0m
2025.02.07 13:04:17 INFO  no build target found for /home/albert/Documents/Kandidat/ProgSprog/MinimalScalaProject/src/main/scala/Main.scala. Using presentation compiler with project's scala-library version: 3.3.4[0m
2025.02.07 13:04:18 INFO  no build target found for /home/albert/Documents/Kandidat/ProgSprog/MinimalScalaProject/src/main/scala/Main.scala. Using presentation compiler with project's scala-library version: 3.3.4[0m
2025.02.07 13:04:17 INFO  no build target found for /home/albert/Documents/Kandidat/ProgSprog/MinimalScalaProject/src/main/scala/Main.scala. Using presentation compiler with project's scala-library version: 3.3.4[0m
2025.02.07 13:04:19 INFO  no build target found for /home/albert/Documents/Kandidat/ProgSprog/MinimalScalaProject/src/main/scala/Main.scala. Using presentation compiler with project's scala-library version: 3.3.4[0m
2025.02.07 13:04:19 INFO  no build target found for /home/albert/Documents/Kandidat/ProgSprog/MinimalScalaProject/src/main/scala/Main.scala. Using presentation compiler with project's scala-library version: 3.3.4[0m
2025.02.07 13:04:19 INFO  no build target found for /home/albert/Documents/Kandidat/ProgSprog/MinimalScalaProject/src/main/scala/Main.scala. Using presentation compiler with project's scala-library version: 3.3.4[0m
2025.02.07 13:04:19 INFO  no build target found for /home/albert/Documents/Kandidat/ProgSprog/MinimalScalaProject/src/main/scala/Main.scala. Using presentation compiler with project's scala-library version: 3.3.4[0m
2025.02.07 13:04:19 INFO  no build target found for /home/albert/Documents/Kandidat/ProgSprog/MinimalScalaProject/src/main/scala/Main.scala. Using presentation compiler with project's scala-library version: 3.3.4[0m
2025.02.07 13:04:19 INFO  no build target found for /home/albert/Documents/Kandidat/ProgSprog/MinimalScalaProject/src/main/scala/Main.scala. Using presentation compiler with project's scala-library version: 3.3.4[0m
2025.02.07 13:04:20 INFO  no build target found for /home/albert/Documents/Kandidat/ProgSprog/MinimalScalaProject/src/main/scala/Main.scala. Using presentation compiler with project's scala-library version: 3.3.4[0m
2025.02.07 13:04:21 INFO  no build target found for /home/albert/Documents/Kandidat/ProgSprog/MinimalScalaProject/src/main/scala/Main.scala. Using presentation compiler with project's scala-library version: 3.3.4[0m
2025.02.07 13:04:21 INFO  no build target found for /home/albert/Documents/Kandidat/ProgSprog/MinimalScalaProject/src/main/scala/Main.scala. Using presentation compiler with project's scala-library version: 3.3.4[0m
2025.02.07 13:04:21 INFO  no build target found for /home/albert/Documents/Kandidat/ProgSprog/MinimalScalaProject/src/main/scala/Main.scala. Using presentation compiler with project's scala-library version: 3.3.4[0m
2025.02.07 13:04:23 INFO  no build target found for /home/albert/Documents/Kandidat/ProgSprog/MinimalScalaProject/src/main/scala/Main.scala. Using presentation compiler with project's scala-library version: 3.3.4[0m
2025.02.07 13:04:23 INFO  no build target found for /home/albert/Documents/Kandidat/ProgSprog/MinimalScalaProject/src/main/scala/Main.scala. Using presentation compiler with project's scala-library version: 3.3.4[0m
2025.02.07 13:04:23 INFO  no build target found for /home/albert/Documents/Kandidat/ProgSprog/MinimalScalaProject/src/main/scala/Main.scala. Using presentation compiler with project's scala-library version: 3.3.4[0m
2025.02.07 13:04:23 INFO  no build target found for /home/albert/Documents/Kandidat/ProgSprog/MinimalScalaProject/src/main/scala/Main.scala. Using presentation compiler with project's scala-library version: 3.3.4[0m
2025.02.07 13:04:24 INFO  no build target found for /home/albert/Documents/Kandidat/ProgSprog/MinimalScalaProject/src/main/scala/Main.scala. Using presentation compiler with project's scala-library version: 3.3.4[0m
2025.02.07 13:04:23 INFO  no build target found for /home/albert/Documents/Kandidat/ProgSprog/MinimalScalaProject/src/main/scala/Main.scala. Using presentation compiler with project's scala-library version: 3.3.4[0m
2025.02.07 13:04:24 INFO  no build target found for /home/albert/Documents/Kandidat/ProgSprog/MinimalScalaProject/src/main/scala/Main.scala. Using presentation compiler with project's scala-library version: 3.3.4[0m
2025.02.07 13:04:27 INFO  no build target found for /home/albert/Documents/Kandidat/ProgSprog/MinimalScalaProject/src/main/scala/Main.scala. Using presentation compiler with project's scala-library version: 3.3.4[0m
2025.02.07 13:04:27 INFO  no build target found for /home/albert/Documents/Kandidat/ProgSprog/MinimalScalaProject/src/main/scala/Main.scala. Using presentation compiler with project's scala-library version: 3.3.4[0m
2025.02.07 13:04:28 INFO  no build target found for /home/albert/Documents/Kandidat/ProgSprog/MinimalScalaProject/src/main/scala/Main.scala. Using presentation compiler with project's scala-library version: 3.3.4[0m
2025.02.07 13:04:28 INFO  no build target found for /home/albert/Documents/Kandidat/ProgSprog/MinimalScalaProject/src/main/scala/Main.scala. Using presentation compiler with project's scala-library version: 3.3.4[0m
2025.02.07 13:04:29 INFO  no build target found for /home/albert/Documents/Kandidat/ProgSprog/MinimalScalaProject/src/main/scala/Main.scala. Using presentation compiler with project's scala-library version: 3.3.4[0m
2025.02.07 13:04:29 INFO  no build target found for /home/albert/Documents/Kandidat/ProgSprog/MinimalScalaProject/src/main/scala/Main.scala. Using presentation compiler with project's scala-library version: 3.3.4[0m
2025.02.07 13:04:29 INFO  no build target found for /home/albert/Documents/Kandidat/ProgSprog/MinimalScalaProject/src/main/scala/Main.scala. Using presentation compiler with project's scala-library version: 3.3.4[0m
2025.02.07 13:04:29 INFO  no build target found for /home/albert/Documents/Kandidat/ProgSprog/MinimalScalaProject/src/main/scala/Main.scala. Using presentation compiler with project's scala-library version: 3.3.4[0m
2025.02.07 13:04:29 INFO  no build target found for /home/albert/Documents/Kandidat/ProgSprog/MinimalScalaProject/src/main/scala/Main.scala. Using presentation compiler with project's scala-library version: 3.3.4[0m
2025.02.07 13:04:30 INFO  no build target found for /home/albert/Documents/Kandidat/ProgSprog/MinimalScalaProject/src/main/scala/Main.scala. Using presentation compiler with project's scala-library version: 3.3.4[0m
2025.02.07 13:04:29 INFO  no build target found for /home/albert/Documents/Kandidat/ProgSprog/MinimalScalaProject/src/main/scala/Main.scala. Using presentation compiler with project's scala-library version: 3.3.4[0m
2025.02.07 13:04:29 INFO  no build target found for /home/albert/Documents/Kandidat/ProgSprog/MinimalScalaProject/src/main/scala/Main.scala. Using presentation compiler with project's scala-library version: 3.3.4[0m
2025.02.07 13:04:31 INFO  no build target found for /home/albert/Documents/Kandidat/ProgSprog/MinimalScalaProject/src/main/scala/Main.scala. Using presentation compiler with project's scala-library version: 3.3.4[0m
2025.02.07 13:04:31 INFO  no build target found for /home/albert/Documents/Kandidat/ProgSprog/MinimalScalaProject/src/main/scala/Main.scala. Using presentation compiler with project's scala-library version: 3.3.4[0m
2025.02.07 13:04:31 INFO  no build target found for /home/albert/Documents/Kandidat/ProgSprog/MinimalScalaProject/src/main/scala/Main.scala. Using presentation compiler with project's scala-library version: 3.3.4[0m
2025.02.07 13:04:31 INFO  no build target found for /home/albert/Documents/Kandidat/ProgSprog/MinimalScalaProject/src/main/scala/Main.scala. Using presentation compiler with project's scala-library version: 3.3.4[0m
2025.02.07 13:04:32 INFO  no build target found for /home/albert/Documents/Kandidat/ProgSprog/MinimalScalaProject/src/main/scala/Main.scala. Using presentation compiler with project's scala-library version: 3.3.4[0m
2025.02.07 13:04:32 INFO  no build target found for /home/albert/Documents/Kandidat/ProgSprog/MinimalScalaProject/src/main/scala/Main.scala. Using presentation compiler with project's scala-library version: 3.3.4[0m
2025.02.07 13:04:31 INFO  no build target found for /home/albert/Documents/Kandidat/ProgSprog/MinimalScalaProject/src/main/scala/Main.scala. Using presentation compiler with project's scala-library version: 3.3.4[0m
2025.02.07 13:04:32 INFO  no build target found for /home/albert/Documents/Kandidat/ProgSprog/MinimalScalaProject/src/main/scala/Main.scala. Using presentation compiler with project's scala-library version: 3.3.4[0m
2025.02.07 13:04:33 INFO  no build target found for /home/albert/Documents/Kandidat/ProgSprog/MinimalScalaProject/src/main/scala/Main.scala. Using presentation compiler with project's scala-library version: 3.3.4[0m
2025.02.07 13:04:33 INFO  no build target found for /home/albert/Documents/Kandidat/ProgSprog/MinimalScalaProject/src/main/scala/Main.scala. Using presentation compiler with project's scala-library version: 3.3.4[0m
2025.02.07 13:04:33 INFO  no build target found for /home/albert/Documents/Kandidat/ProgSprog/MinimalScalaProject/src/main/scala/Main.scala. Using presentation compiler with project's scala-library version: 3.3.4[0m
2025.02.07 13:04:33 INFO  no build target found for /home/albert/Documents/Kandidat/ProgSprog/MinimalScalaProject/src/main/scala/Main.scala. Using presentation compiler with project's scala-library version: 3.3.4[0m
2025.02.07 13:04:33 INFO  no build target found for /home/albert/Documents/Kandidat/ProgSprog/MinimalScalaProject/src/main/scala/Main.scala. Using presentation compiler with project's scala-library version: 3.3.4[0m
2025.02.07 13:04:34 INFO  no build target found for /home/albert/Documents/Kandidat/ProgSprog/MinimalScalaProject/src/main/scala/Main.scala. Using presentation compiler with project's scala-library version: 3.3.4[0m
2025.02.07 13:04:34 INFO  no build target found for /home/albert/Documents/Kandidat/ProgSprog/MinimalScalaProject/src/main/scala/Main.scala. Using presentation compiler with project's scala-library version: 3.3.4[0m
2025.02.07 13:04:34 INFO  no build target found for /home/albert/Documents/Kandidat/ProgSprog/MinimalScalaProject/src/main/scala/Main.scala. Using presentation compiler with project's scala-library version: 3.3.4[0m
2025.02.07 13:04:36 INFO  no build target found for /home/albert/Documents/Kandidat/ProgSprog/MinimalScalaProject/src/main/scala/Main.scala. Using presentation compiler with project's scala-library version: 3.3.4[0m
2025.02.07 13:04:36 INFO  no build target found for /home/albert/Documents/Kandidat/ProgSprog/MinimalScalaProject/src/main/scala/Main.scala. Using presentation compiler with project's scala-library version: 3.3.4[0m
2025.02.07 13:04:36 INFO  no build target found for /home/albert/Documents/Kandidat/ProgSprog/MinimalScalaProject/src/main/scala/Main.scala. Using presentation compiler with project's scala-library version: 3.3.4[0m
2025.02.07 13:04:36 INFO  no build target found for /home/albert/Documents/Kandidat/ProgSprog/MinimalScalaProject/src/main/scala/Main.scala. Using presentation compiler with project's scala-library version: 3.3.4[0m
2025.02.07 13:04:36 INFO  no build target found for /home/albert/Documents/Kandidat/ProgSprog/MinimalScalaProject/src/main/scala/Main.scala. Using presentation compiler with project's scala-library version: 3.3.4[0m
2025.02.07 13:04:36 INFO  no build target found for /home/albert/Documents/Kandidat/ProgSprog/MinimalScalaProject/src/main/scala/Main.scala. Using presentation compiler with project's scala-library version: 3.3.4[0m
2025.02.07 13:04:36 INFO  no build target found for /home/albert/Documents/Kandidat/ProgSprog/MinimalScalaProject/src/main/scala/Main.scala. Using presentation compiler with project's scala-library version: 3.3.4[0m
2025.02.07 13:04:37 INFO  no build target found for /home/albert/Documents/Kandidat/ProgSprog/MinimalScalaProject/src/main/scala/Main.scala. Using presentation compiler with project's scala-library version: 3.3.4[0m
2025.02.07 13:04:37 INFO  no build target found for /home/albert/Documents/Kandidat/ProgSprog/MinimalScalaProject/src/main/scala/Main.scala. Using presentation compiler with project's scala-library version: 3.3.4[0m
2025.02.07 13:04:37 INFO  no build target found for /home/albert/Documents/Kandidat/ProgSprog/MinimalScalaProject/src/main/scala/Main.scala. Using presentation compiler with project's scala-library version: 3.3.4[0m
2025.02.07 13:04:41 INFO  no build target found for /home/albert/Documents/Kandidat/ProgSprog/MinimalScalaProject/src/main/scala/Main.scala. Using presentation compiler with project's scala-library version: 3.3.4[0m
2025.02.07 13:04:41 INFO  no build target found for /home/albert/Documents/Kandidat/ProgSprog/MinimalScalaProject/src/main/scala/Main.scala. Using presentation compiler with project's scala-library version: 3.3.4[0m
2025.02.07 13:04:41 INFO  no build target found for /home/albert/Documents/Kandidat/ProgSprog/MinimalScalaProject/src/main/scala/Main.scala. Using presentation compiler with project's scala-library version: 3.3.4[0m
2025.02.07 13:04:44 INFO  no build target found for /home/albert/Documents/Kandidat/ProgSprog/MinimalScalaProject/src/main/scala/Main.scala. Using presentation compiler with project's scala-library version: 3.3.4[0m
2025.02.07 13:04:45 INFO  no build target found for /home/albert/Documents/Kandidat/ProgSprog/MinimalScalaProject/src/main/scala/Main.scala. Using presentation compiler with project's scala-library version: 3.3.4[0m
2025.02.07 13:04:47 INFO  no build target found for /home/albert/Documents/Kandidat/ProgSprog/MinimalScalaProject/src/main/scala/Main.scala. Using presentation compiler with project's scala-library version: 3.3.4[0m
2025.02.07 13:04:47 INFO  no build target found for /home/albert/Documents/Kandidat/ProgSprog/MinimalScalaProject/src/main/scala/Main.scala. Using presentation compiler with project's scala-library version: 3.3.4[0m
2025.02.07 13:04:47 INFO  no build target found for /home/albert/Documents/Kandidat/ProgSprog/MinimalScalaProject/src/main/scala/Main.scala. Using presentation compiler with project's scala-library version: 3.3.4[0m
2025.02.07 13:04:47 INFO  no build target found for /home/albert/Documents/Kandidat/ProgSprog/MinimalScalaProject/src/main/scala/Main.scala. Using presentation compiler with project's scala-library version: 3.3.4[0m
2025.02.07 13:04:48 INFO  no build target found for /home/albert/Documents/Kandidat/ProgSprog/MinimalScalaProject/src/main/scala/Main.scala. Using presentation compiler with project's scala-library version: 3.3.4[0m
2025.02.07 13:04:47 INFO  no build target found for /home/albert/Documents/Kandidat/ProgSprog/MinimalScalaProject/src/main/scala/Main.scala. Using presentation compiler with project's scala-library version: 3.3.4[0m
2025.02.07 13:04:47 INFO  no build target found for /home/albert/Documents/Kandidat/ProgSprog/MinimalScalaProject/src/main/scala/Main.scala. Using presentation compiler with project's scala-library version: 3.3.4[0m
2025.02.07 13:04:48 INFO  no build target found for /home/albert/Documents/Kandidat/ProgSprog/MinimalScalaProject/src/main/scala/Main.scala. Using presentation compiler with project's scala-library version: 3.3.4[0m
2025.02.07 13:04:48 INFO  no build target found for /home/albert/Documents/Kandidat/ProgSprog/MinimalScalaProject/src/main/scala/Main.scala. Using presentation compiler with project's scala-library version: 3.3.4[0m
2025.02.07 13:04:49 INFO  no build target found for /home/albert/Documents/Kandidat/ProgSprog/MinimalScalaProject/src/main/scala/Main.scala. Using presentation compiler with project's scala-library version: 3.3.4[0m
2025.02.07 13:04:48 INFO  no build target found for /home/albert/Documents/Kandidat/ProgSprog/MinimalScalaProject/src/main/scala/Main.scala. Using presentation compiler with project's scala-library version: 3.3.4[0m
2025.02.07 13:04:50 INFO  no build target found for /home/albert/Documents/Kandidat/ProgSprog/MinimalScalaProject/src/main/scala/Main.scala. Using presentation compiler with project's scala-library version: 3.3.4[0m
2025.02.07 13:04:50 INFO  no build target found for /home/albert/Documents/Kandidat/ProgSprog/MinimalScalaProject/src/main/scala/Main.scala. Using presentation compiler with project's scala-library version: 3.3.4[0m
2025.02.07 13:04:50 INFO  no build target found for /home/albert/Documents/Kandidat/ProgSprog/MinimalScalaProject/src/main/scala/Main.scala. Using presentation compiler with project's scala-library version: 3.3.4[0m
2025.02.07 13:04:50 INFO  no build target found for /home/albert/Documents/Kandidat/ProgSprog/MinimalScalaProject/src/main/scala/Main.scala. Using presentation compiler with project's scala-library version: 3.3.4[0m
2025.02.07 13:04:50 INFO  no build target found for /home/albert/Documents/Kandidat/ProgSprog/MinimalScalaProject/src/main/scala/Main.scala. Using presentation compiler with project's scala-library version: 3.3.4[0m
2025.02.07 13:04:50 INFO  no build target found for /home/albert/Documents/Kandidat/ProgSprog/MinimalScalaProject/src/main/scala/Main.scala. Using presentation compiler with project's scala-library version: 3.3.4[0m
2025.02.07 13:04:50 INFO  no build target found for /home/albert/Documents/Kandidat/ProgSprog/MinimalScalaProject/src/main/scala/Main.scala. Using presentation compiler with project's scala-library version: 3.3.4[0m
2025.02.07 13:04:50 INFO  no build target found for /home/albert/Documents/Kandidat/ProgSprog/MinimalScalaProject/src/main/scala/Main.scala. Using presentation compiler with project's scala-library version: 3.3.4[0m
2025.02.07 13:04:50 INFO  no build target found for /home/albert/Documents/Kandidat/ProgSprog/MinimalScalaProject/src/main/scala/Main.scala. Using presentation compiler with project's scala-library version: 3.3.4[0m
2025.02.07 13:04:50 INFO  no build target found for /home/albert/Documents/Kandidat/ProgSprog/MinimalScalaProject/src/main/scala/Main.scala. Using presentation compiler with project's scala-library version: 3.3.4[0m
2025.02.07 13:04:51 INFO  no build target found for /home/albert/Documents/Kandidat/ProgSprog/MinimalScalaProject/src/main/scala/Main.scala. Using presentation compiler with project's scala-library version: 3.3.4[0m
2025.02.07 13:04:52 INFO  no build target found for /home/albert/Documents/Kandidat/ProgSprog/MinimalScalaProject/src/main/scala/Main.scala. Using presentation compiler with project's scala-library version: 3.3.4[0m
2025.02.07 13:04:51 INFO  no build target found for /home/albert/Documents/Kandidat/ProgSprog/MinimalScalaProject/src/main/scala/Main.scala. Using presentation compiler with project's scala-library version: 3.3.4[0m
2025.02.07 13:04:51 INFO  no build target found for /home/albert/Documents/Kandidat/ProgSprog/MinimalScalaProject/src/main/scala/Main.scala. Using presentation compiler with project's scala-library version: 3.3.4[0m
2025.02.07 13:04:52 INFO  no build target found for /home/albert/Documents/Kandidat/ProgSprog/MinimalScalaProject/src/main/scala/Main.scala. Using presentation compiler with project's scala-library version: 3.3.4[0m
2025.02.07 13:04:51 INFO  no build target found for /home/albert/Documents/Kandidat/ProgSprog/MinimalScalaProject/src/main/scala/Main.scala. Using presentation compiler with project's scala-library version: 3.3.4[0m
2025.02.07 13:04:52 INFO  no build target found for /home/albert/Documents/Kandidat/ProgSprog/MinimalScalaProject/src/main/scala/Main.scala. Using presentation compiler with project's scala-library version: 3.3.4[0m
2025.02.07 13:04:53 INFO  no build target found for /home/albert/Documents/Kandidat/ProgSprog/MinimalScalaProject/src/main/scala/Main.scala. Using presentation compiler with project's scala-library version: 3.3.4[0m
2025.02.07 13:04:52 INFO  no build target found for /home/albert/Documents/Kandidat/ProgSprog/MinimalScalaProject/src/main/scala/Main.scala. Using presentation compiler with project's scala-library version: 3.3.4[0m
2025.02.07 13:04:53 INFO  no build target found for /home/albert/Documents/Kandidat/ProgSprog/MinimalScalaProject/src/main/scala/Main.scala. Using presentation compiler with project's scala-library version: 3.3.4[0m
2025.02.07 13:04:53 INFO  no build target found for /home/albert/Documents/Kandidat/ProgSprog/MinimalScalaProject/src/main/scala/Main.scala. Using presentation compiler with project's scala-library version: 3.3.4[0m
2025.02.07 13:04:53 INFO  no build target found for /home/albert/Documents/Kandidat/ProgSprog/MinimalScalaProject/src/main/scala/Main.scala. Using presentation compiler with project's scala-library version: 3.3.4[0m
2025.02.07 13:04:53 INFO  no build target found for /home/albert/Documents/Kandidat/ProgSprog/MinimalScalaProject/src/main/scala/Main.scala. Using presentation compiler with project's scala-library version: 3.3.4[0m
2025.02.07 13:04:53 INFO  no build target found for /home/albert/Documents/Kandidat/ProgSprog/MinimalScalaProject/src/main/scala/Main.scala. Using presentation compiler with project's scala-library version: 3.3.4[0m
2025.02.07 13:04:54 INFO  no build target found for /home/albert/Documents/Kandidat/ProgSprog/MinimalScalaProject/src/main/scala/Main.scala. Using presentation compiler with project's scala-library version: 3.3.4[0m
2025.02.07 13:04:54 INFO  no build target found for /home/albert/Documents/Kandidat/ProgSprog/MinimalScalaProject/src/main/scala/Main.scala. Using presentation compiler with project's scala-library version: 3.3.4[0m
2025.02.07 13:04:54 INFO  no build target found for /home/albert/Documents/Kandidat/ProgSprog/MinimalScalaProject/src/main/scala/Main.scala. Using presentation compiler with project's scala-library version: 3.3.4[0m
2025.02.07 13:04:54 INFO  no build target found for /home/albert/Documents/Kandidat/ProgSprog/MinimalScalaProject/src/main/scala/Main.scala. Using presentation compiler with project's scala-library version: 3.3.4[0m
2025.02.07 13:04:54 INFO  no build target found for /home/albert/Documents/Kandidat/ProgSprog/MinimalScalaProject/src/main/scala/Main.scala. Using presentation compiler with project's scala-library version: 3.3.4[0m
2025.02.07 13:04:55 INFO  no build target found for /home/albert/Documents/Kandidat/ProgSprog/MinimalScalaProject/src/main/scala/Main.scala. Using presentation compiler with project's scala-library version: 3.3.4[0m
2025.02.07 13:04:59 INFO  no build target found for /home/albert/Documents/Kandidat/ProgSprog/MinimalScalaProject/src/main/scala/Main.scala. Using presentation compiler with project's scala-library version: 3.3.4[0m
2025.02.07 13:04:59 INFO  no build target found for /home/albert/Documents/Kandidat/ProgSprog/MinimalScalaProject/src/main/scala/Main.scala. Using presentation compiler with project's scala-library version: 3.3.4[0m
2025.02.07 13:04:59 INFO  no build target found for /home/albert/Documents/Kandidat/ProgSprog/MinimalScalaProject/src/main/scala/Main.scala. Using presentation compiler with project's scala-library version: 3.3.4[0m
2025.02.07 13:04:59 INFO  no build target found for /home/albert/Documents/Kandidat/ProgSprog/MinimalScalaProject/src/main/scala/Main.scala. Using presentation compiler with project's scala-library version: 3.3.4[0m
2025.02.07 13:04:59 INFO  no build target found for /home/albert/Documents/Kandidat/ProgSprog/MinimalScalaProject/src/main/scala/Main.scala. Using presentation compiler with project's scala-library version: 3.3.4[0m
2025.02.07 13:05:00 INFO  no build target found for /home/albert/Documents/Kandidat/ProgSprog/MinimalScalaProject/src/main/scala/Main.scala. Using presentation compiler with project's scala-library version: 3.3.4[0m
2025.02.07 13:05:01 INFO  no build target found for /home/albert/Documents/Kandidat/ProgSprog/MinimalScalaProject/src/main/scala/Main.scala. Using presentation compiler with project's scala-library version: 3.3.4[0m
2025.02.07 13:05:01 INFO  no build target found for /home/albert/Documents/Kandidat/ProgSprog/MinimalScalaProject/src/main/scala/Main.scala. Using presentation compiler with project's scala-library version: 3.3.4[0m
2025.02.07 13:05:03 INFO  no build target found for /home/albert/Documents/Kandidat/ProgSprog/MinimalScalaProject/src/main/scala/Main.scala. Using presentation compiler with project's scala-library version: 3.3.4[0m
2025.02.07 13:05:03 INFO  no build target found for /home/albert/Documents/Kandidat/ProgSprog/MinimalScalaProject/src/main/scala/Main.scala. Using presentation compiler with project's scala-library version: 3.3.4[0m
2025.02.07 13:05:07 INFO  no build target found for /home/albert/Documents/Kandidat/ProgSprog/MinimalScalaProject/src/main/scala/Main.scala. Using presentation compiler with project's scala-library version: 3.3.4[0m
2025.02.07 13:05:07 INFO  no build target found for /home/albert/Documents/Kandidat/ProgSprog/MinimalScalaProject/src/main/scala/Main.scala. Using presentation compiler with project's scala-library version: 3.3.4[0m
2025.02.07 13:05:08 INFO  no build target found for /home/albert/Documents/Kandidat/ProgSprog/MinimalScalaProject/src/main/scala/Main.scala. Using presentation compiler with project's scala-library version: 3.3.4[0m
2025.02.07 13:05:08 INFO  no build target found for /home/albert/Documents/Kandidat/ProgSprog/MinimalScalaProject/src/main/scala/Main.scala. Using presentation compiler with project's scala-library version: 3.3.4[0m
2025.02.07 13:05:08 INFO  no build target found for /home/albert/Documents/Kandidat/ProgSprog/MinimalScalaProject/src/main/scala/Main.scala. Using presentation compiler with project's scala-library version: 3.3.4[0m
2025.02.07 13:05:08 INFO  no build target found for /home/albert/Documents/Kandidat/ProgSprog/MinimalScalaProject/src/main/scala/Main.scala. Using presentation compiler with project's scala-library version: 3.3.4[0m
2025.02.07 13:05:08 INFO  no build target found for /home/albert/Documents/Kandidat/ProgSprog/MinimalScalaProject/src/main/scala/Main.scala. Using presentation compiler with project's scala-library version: 3.3.4[0m
2025.02.07 13:05:09 INFO  no build target found for /home/albert/Documents/Kandidat/ProgSprog/MinimalScalaProject/src/main/scala/Main.scala. Using presentation compiler with project's scala-library version: 3.3.4[0m
2025.02.07 13:05:09 INFO  no build target found for /home/albert/Documents/Kandidat/ProgSprog/MinimalScalaProject/src/main/scala/Main.scala. Using presentation compiler with project's scala-library version: 3.3.4[0m
2025.02.07 13:05:11 INFO  no build target found for /home/albert/Documents/Kandidat/ProgSprog/MinimalScalaProject/src/main/scala/Main.scala. Using presentation compiler with project's scala-library version: 3.3.4[0m
2025.02.07 13:05:11 WARN  no build target for: /home/albert/Documents/Kandidat/ProgSprog/MinimalScalaProject/src/main/scala/Main.scala[0m
2025.02.07 13:05:11 INFO  no build target found for /home/albert/Documents/Kandidat/ProgSprog/MinimalScalaProject/src/main/scala/Main.scala. Using presentation compiler with project's scala-library version: 3.3.4[0m
2025.02.07 13:05:18 INFO  no build target found for /home/albert/Documents/Kandidat/ProgSprog/MinimalScalaProject/src/main/scala/Main.scala. Using presentation compiler with project's scala-library version: 3.3.4[0m
2025.02.07 13:05:18 INFO  no build target found for /home/albert/Documents/Kandidat/ProgSprog/MinimalScalaProject/src/main/scala/Main.scala. Using presentation compiler with project's scala-library version: 3.3.4[0m
2025.02.07 13:05:21 INFO  no build target found for /home/albert/Documents/Kandidat/ProgSprog/MinimalScalaProject/src/main/scala/Main.scala. Using presentation compiler with project's scala-library version: 3.3.4[0m
2025.02.07 13:05:21 INFO  no build target found for /home/albert/Documents/Kandidat/ProgSprog/MinimalScalaProject/src/main/scala/Main.scala. Using presentation compiler with project's scala-library version: 3.3.4[0m
2025.02.07 13:05:21 INFO  no build target found for /home/albert/Documents/Kandidat/ProgSprog/MinimalScalaProject/src/main/scala/Main.scala. Using presentation compiler with project's scala-library version: 3.3.4[0m
2025.02.07 13:05:21 INFO  no build target found for /home/albert/Documents/Kandidat/ProgSprog/MinimalScalaProject/src/main/scala/Main.scala. Using presentation compiler with project's scala-library version: 3.3.4[0m
2025.02.07 13:07:41 INFO  no build target found for /home/albert/Documents/Kandidat/ProgSprog/MinimalScalaProject/src/main/scala/Main.scala. Using presentation compiler with project's scala-library version: 3.3.4[0m
2025.02.07 13:07:41 INFO  Shutting down server[0m
2025.02.07 13:07:41 INFO  shutting down Metals[0m
2025.02.07 13:07:58 INFO  Started: Metals version 1.5.1 in folders '/home/albert/Documents/Kandidat/ProgSprog/MinimalScalaProject' for client Neovim 0.11.0-dev.[0m
2025.02.07 13:08:00 INFO  no build target found for /home/albert/Documents/Kandidat/ProgSprog/MinimalScalaProject/src/main/scala/Main.scala. Using presentation compiler with project's scala-library version: 3.3.4[0m
2025.02.07 13:08:06 INFO  running '/usr/bin/sbt -Dbloop.export-jar-classifiers=sources bloopInstall'[0m
2025.02.07 13:08:08 INFO  [info] welcome to sbt 1.10.7 (Oracle Corporation Java 23.0.2)[0m
2025.02.07 13:08:10 INFO  [info] loading settings for project minimalscalaproject-build-build from metals.sbt...[0m
2025.02.07 13:08:10 INFO  [info] loading project definition from /home/albert/Documents/Kandidat/ProgSprog/MinimalScalaProject/project/project[0m
2025.02.07 13:08:14 INFO  [info] loading settings for project minimalscalaproject-build from metals.sbt...[0m
2025.02.07 13:08:14 INFO  [info] loading project definition from /home/albert/Documents/Kandidat/ProgSprog/MinimalScalaProject/project[0m
2025.02.07 13:08:16 INFO  [success] Generated .bloop/minimalscalaproject-build.json[0m
2025.02.07 13:08:16 INFO  [success] Total time: 3 s, completed Feb 7, 2025, 1:08:17 PM[0m
2025.02.07 13:08:18 INFO  [info] loading settings for project root from build.sbt...[0m
2025.02.07 13:08:18 INFO  [info] set current project to MinimalScalaProject (in build file:/home/albert/Documents/Kandidat/ProgSprog/MinimalScalaProject/)[0m
2025.02.07 13:08:21 INFO  [success] Generated .bloop/root-test.json[0m
2025.02.07 13:08:21 INFO  [success] Generated .bloop/root.json[0m
2025.02.07 13:08:21 INFO  [success] Total time: 3 s, completed Feb 7, 2025, 1:08:21 PM[0m
2025.02.07 13:08:22 INFO  time: ran 'sbt bloopInstall' in 16s[0m
2025.02.07 13:08:22 INFO  Attempting to connect to the build server...[0m
2025.02.07 13:08:22 INFO  Found a Bloop server running[0m
2025.02.07 13:08:22 INFO  tracing is disabled for protocol BSP, to enable tracing of incoming and outgoing JSON messages create an empty file at /home/albert/Documents/Kandidat/ProgSprog/MinimalScalaProject/.metals/bsp.trace.json or /home/albert/.cache/metals/bsp.trace.json[0m
2025.02.07 13:08:22 INFO  Attempting to connect to the build server...[0m
2025.02.07 13:08:22 INFO  Found a Bloop server running[0m
2025.02.07 13:08:22 INFO  tracing is disabled for protocol BSP, to enable tracing of incoming and outgoing JSON messages create an empty file at /home/albert/Documents/Kandidat/ProgSprog/MinimalScalaProject/project/.metals/bsp.trace.json or /home/albert/.cache/metals/bsp.trace.json[0m
2025.02.07 13:08:22 INFO  time: Connected to build server in 0.34s[0m
2025.02.07 13:08:22 INFO  Connected to Build server: Bloop v2.0.8[0m
2025.02.07 13:08:22 INFO  time: Imported build in 0.11s[0m
2025.02.07 13:08:22 INFO  running doctor check[0m
2025.02.07 13:08:22 INFO  java targets: minimalscalaproject-build, root, root-test[0m
2025.02.07 13:08:33 INFO  compiling root (1 scala source)[0m
2025.02.07 13:08:40 INFO  time: indexed workspace in 17s[0m
2025.02.07 13:08:40 INFO  Deduplicating compilation of root from bsp client 'Metals 1.5.1' (since 18.251s)[0m
2025.02.07 13:08:40 INFO  compiling root (1 scala source)[0m
2025.02.07 13:08:43 INFO  time: compiled root in 3.15s[0m
Exception in thread "pool-7-thread-1" java.lang.InterruptedException
	at scala.meta.internal.metals.FutureCancelToken.checkCanceled(FutureCancelToken.scala:29)
	at scala.meta.internal.pc.CompilerAccess.onCompilerJobQueue$$anonfun$1(CompilerAccess.scala:244)
	at scala.meta.internal.pc.CompilerJobQueue$Job.run(CompilerJobQueue.scala:153)
	at java.base/java.util.concurrent.ThreadPoolExecutor.runWorker(ThreadPoolExecutor.java:1144)
	at java.base/java.util.concurrent.ThreadPoolExecutor$Worker.run(ThreadPoolExecutor.java:642)
	at java.base/java.lang.Thread.run(Thread.java:1575)
2025.02.07 13:10:34 INFO  running '/usr/bin/sbt -Dbloop.export-jar-classifiers=sources bloopInstall'[0m
2025.02.07 13:10:36 INFO  [info] welcome to sbt 1.10.7 (Oracle Corporation Java 23.0.2)[0m
2025.02.07 13:10:37 INFO  [info] loading settings for project minimalscalaproject-build-build from metals.sbt...[0m
2025.02.07 13:10:37 INFO  [info] loading project definition from /home/albert/Documents/Kandidat/ProgSprog/MinimalScalaProject/project/project[0m
2025.02.07 13:10:39 INFO  [info] loading settings for project minimalscalaproject-build from metals.sbt...[0m
2025.02.07 13:10:39 INFO  [info] loading project definition from /home/albert/Documents/Kandidat/ProgSprog/MinimalScalaProject/project[0m
2025.02.07 13:10:42 INFO  [success] Generated .bloop/minimalscalaproject-build.json[0m
2025.02.07 13:10:42 INFO  [success] Total time: 3 s, completed Feb 7, 2025, 1:10:42 PM[0m
2025.02.07 13:10:42 INFO  [info] loading settings for project root from build.sbt...[0m
2025.02.07 13:10:42 INFO  [info] set current project to MinimalScalaProject (in build file:/home/albert/Documents/Kandidat/ProgSprog/MinimalScalaProject/)[0m
2025.02.07 13:10:42 INFO  [success] Generated .bloop/root.json[0m
2025.02.07 13:10:42 INFO  [success] Generated .bloop/root-test.json[0m
2025.02.07 13:10:42 INFO  [success] Total time: 0 s, completed Feb 7, 2025, 1:10:43 PM[0m
2025.02.07 13:10:43 INFO  time: ran 'sbt bloopInstall' in 9.2s[0m
2025.02.07 13:10:43 INFO  Disconnecting from Bloop session...[0m
2025.02.07 13:10:43 INFO  Shut down connection with build server.[0m
2025.02.07 13:10:43 INFO  Shut down connection with build server.[0m
2025.02.07 13:10:43 INFO  Attempting to connect to the build server...[0m
2025.02.07 13:10:43 INFO  Found a Bloop server running[0m
2025.02.07 13:10:43 INFO  tracing is disabled for protocol BSP, to enable tracing of incoming and outgoing JSON messages create an empty file at /home/albert/Documents/Kandidat/ProgSprog/MinimalScalaProject/.metals/bsp.trace.json or /home/albert/.cache/metals/bsp.trace.json[0m
2025.02.07 13:10:43 INFO  Attempting to connect to the build server...[0m
2025.02.07 13:10:43 INFO  Found a Bloop server running[0m
2025.02.07 13:10:43 INFO  tracing is disabled for protocol BSP, to enable tracing of incoming and outgoing JSON messages create an empty file at /home/albert/Documents/Kandidat/ProgSprog/MinimalScalaProject/project/.metals/bsp.trace.json or /home/albert/.cache/metals/bsp.trace.json[0m
2025.02.07 13:10:43 INFO  time: Connected to build server in 0.24s[0m
2025.02.07 13:10:43 INFO  Connected to Build server: Bloop v2.0.8[0m
2025.02.07 13:10:44 INFO  running doctor check[0m
2025.02.07 13:10:44 INFO  java targets: minimalscalaproject-build, root, root-test[0m
2025.02.07 13:10:46 INFO  time: indexed workspace in 2.09s[0m
2025.02.07 13:11:00 INFO  compiling root (1 scala source)[0m
2025.02.07 13:11:00 INFO  time: compiled root in 0.66s[0m
2025.02.07 13:12:09 INFO  Shutting down server[0m
2025.02.07 13:12:09 INFO  shutting down Metals[0m
2025.02.07 13:12:09 INFO  Shut down connection with build server.[0m
2025.02.07 13:12:09 INFO  Shut down connection with build server.[0m
2025.02.07 13:12:09 INFO  Exiting server[0m
2025.02.07 13:12:33 INFO  Started: Metals version 1.5.1 in folders '/home/albert/Documents/Kandidat/ProgSprog/MinimalScalaProject' for client Neovim 0.11.0-dev.[0m
2025.02.07 13:12:34 INFO  no build target found for /home/albert/Documents/Kandidat/ProgSprog/MinimalScalaProject/src/main/scala/Main.scala. Using presentation compiler with project's scala-library version: 3.3.4[0m
2025.02.07 13:12:34 INFO  Attempting to connect to the build server...[0m
2025.02.07 13:12:34 INFO  Found a Bloop server running[0m
2025.02.07 13:12:34 INFO  tracing is disabled for protocol BSP, to enable tracing of incoming and outgoing JSON messages create an empty file at /home/albert/Documents/Kandidat/ProgSprog/MinimalScalaProject/.metals/bsp.trace.json or /home/albert/.cache/metals/bsp.trace.json[0m
2025.02.07 13:12:34 INFO  Attempting to connect to the build server...[0m
2025.02.07 13:12:34 INFO  Found a Bloop server running[0m
2025.02.07 13:12:34 INFO  tracing is disabled for protocol BSP, to enable tracing of incoming and outgoing JSON messages create an empty file at /home/albert/Documents/Kandidat/ProgSprog/MinimalScalaProject/project/.metals/bsp.trace.json or /home/albert/.cache/metals/bsp.trace.json[0m
2025.02.07 13:12:34 INFO  time: Connected to build server in 0.49s[0m
2025.02.07 13:12:34 INFO  Connected to Build server: Bloop v2.0.8[0m
2025.02.07 13:12:34 INFO  time: Imported build in 0.16s[0m
2025.02.07 13:12:36 INFO  running doctor check[0m
2025.02.07 13:12:36 INFO  java targets: minimalscalaproject-build, root, root-test[0m
2025.02.07 13:12:42 INFO  time: indexed workspace in 6.82s[0m
Feb 07, 2025 1:12:42 PM org.eclipse.lsp4j.jsonrpc.RemoteEndpoint handleCancellation
WARNING: Unmatched cancel notification for request id 2
2025.02.07 13:23:13 INFO  Shutting down server[0m
2025.02.07 13:23:13 INFO  shutting down Metals[0m
2025.02.07 13:23:13 INFO  Shut down connection with build server.[0m
2025.02.07 13:23:13 INFO  Shut down connection with build server.[0m
Feb 07, 2025 1:23:13 PM org.eclipse.lsp4j.jsonrpc.RemoteEndpoint notify
WARNING: Failed to send notification message.
org.eclipse.lsp4j.jsonrpc.JsonRpcException: java.io.IOException: Broken pipe
	at org.eclipse.lsp4j.jsonrpc.json.StreamMessageConsumer.consume(StreamMessageConsumer.java:72)
	at scala.meta.internal.metals.RequestMonitorImpl$$anon$1.consume(ServerLivenessMonitor.scala:41)
	at org.eclipse.lsp4j.jsonrpc.RemoteEndpoint.notify(RemoteEndpoint.java:135)
	at org.eclipse.lsp4j.jsonrpc.RemoteEndpoint.sendCancelNotification(RemoteEndpoint.java:191)
	at org.eclipse.lsp4j.jsonrpc.RemoteEndpoint$1.cancel(RemoteEndpoint.java:160)
	at scala.meta.internal.metals.utils.FutureWithTimeout$$anon$1.$anonfun$cancel$1(FutureWithTimeout.scala:37)
	at scala.runtime.java8.JFunction0$mcZ$sp.apply(JFunction0$mcZ$sp.scala:17)
	at scala.util.Try$.apply(Try.scala:217)
	at scala.meta.internal.metals.utils.FutureWithTimeout$$anon$1.cancel(FutureWithTimeout.scala:37)
	at scala.meta.internal.metals.Cancelable$.$anonfun$cancelAll$1(Cancelable.scala:29)
	at scala.collection.immutable.List.foreach(List.scala:334)
	at scala.meta.internal.metals.Cancelable$.cancelAll(Cancelable.scala:28)
	at scala.meta.internal.metals.MutableCancelable.cancel(MutableCancelable.scala:25)
	at scala.meta.internal.metals.utils.RequestRegistry.cancel(RequestRegistry.scala:99)
	at scala.meta.internal.metals.BuildServerConnection.cancel(BuildServerConnection.scala:459)
	at scala.meta.internal.metals.BuildServerConnection.$anonfun$shutdown$1(BuildServerConnection.scala:183)
	at scala.meta.internal.metals.BuildServerConnection.$anonfun$shutdown$1$adapted(BuildServerConnection.scala:175)
	at scala.concurrent.impl.Promise$Transformation.run(Promise.scala:467)
	at java.base/java.util.concurrent.ThreadPoolExecutor.runWorker(ThreadPoolExecutor.java:1144)
	at java.base/java.util.concurrent.ThreadPoolExecutor$Worker.run(ThreadPoolExecutor.java:642)
	at java.base/java.lang.Thread.run(Thread.java:1575)
Caused by: java.io.IOException: Broken pipe
	at java.base/sun.nio.ch.SocketDispatcher.write0(Native Method)
	at java.base/sun.nio.ch.SocketDispatcher.write(SocketDispatcher.java:62)
	at java.base/sun.nio.ch.SocketChannelImpl.tryWrite(SocketChannelImpl.java:1460)
	at java.base/sun.nio.ch.SocketChannelImpl.blockingWriteFully(SocketChannelImpl.java:1494)
	at java.base/sun.nio.ch.SocketOutputStream.write(SocketOutputStream.java:61)
	at java.base/sun.nio.ch.SocketOutputStream.write(SocketOutputStream.java:55)
	at scala.meta.internal.metals.ClosableOutputStream.write(ClosableOutputStream.scala:26)
	at java.base/java.io.FilterOutputStream.write(FilterOutputStream.java:139)
	at java.base/java.io.FilterOutputStream.write(FilterOutputStream.java:110)
	at org.eclipse.lsp4j.jsonrpc.json.StreamMessageConsumer.consume(StreamMessageConsumer.java:67)
	... 20 more

2025.02.07 13:23:13 INFO  Cancelling compilation on Bloop server[0m
java.util.concurrent.RejectedExecutionException: Task Future(<not completed>) rejected from java.util.concurrent.ThreadPoolExecutor@1f57539[Shutting down, pool size = 6, active threads = 5, queued tasks = 0, completed tasks = 530]
	at java.base/java.util.concurrent.ThreadPoolExecutor$AbortPolicy.rejectedExecution(ThreadPoolExecutor.java:2082)
	at java.base/java.util.concurrent.ThreadPoolExecutor.reject(ThreadPoolExecutor.java:841)
	at java.base/java.util.concurrent.ThreadPoolExecutor.execute(ThreadPoolExecutor.java:1377)
	at scala.concurrent.impl.ExecutionContextImpl.execute(ExecutionContextImpl.scala:21)
	at scala.concurrent.impl.Promise$Transformation.submitWithValue(Promise.scala:429)
	at scala.concurrent.impl.Promise$DefaultPromise.submitWithValue(Promise.scala:338)
	at scala.concurrent.impl.Promise$DefaultPromise.tryComplete0(Promise.scala:285)
	at scala.concurrent.impl.Promise$Transformation.handleFailure(Promise.scala:444)
	at scala.concurrent.impl.Promise$Transformation.submitWithValue(Promise.scala:435)
	at scala.concurrent.impl.Promise$DefaultPromise.submitWithValue(Promise.scala:338)
	at scala.concurrent.impl.Promise$DefaultPromise.tryComplete0(Promise.scala:285)
	at scala.concurrent.impl.Promise$Transformation.handleFailure(Promise.scala:444)
	at scala.concurrent.impl.Promise$Transformation.run(Promise.scala:506)
	at java.base/java.util.concurrent.ThreadPoolExecutor.runWorker(ThreadPoolExecutor.java:1144)
	at java.base/java.util.concurrent.ThreadPoolExecutor$Worker.run(ThreadPoolExecutor.java:642)
	at java.base/java.lang.Thread.run(Thread.java:1575)
java.util.concurrent.RejectedExecutionException: Task Future(<not completed>) rejected from java.util.concurrent.ThreadPoolExecutor@1f57539[Shutting down, pool size = 3, active threads = 3, queued tasks = 0, completed tasks = 532]
	at java.base/java.util.concurrent.ThreadPoolExecutor$AbortPolicy.rejectedExecution(ThreadPoolExecutor.java:2082)
	at java.base/java.util.concurrent.ThreadPoolExecutor.reject(ThreadPoolExecutor.java:841)
	at java.base/java.util.concurrent.ThreadPoolExecutor.execute(ThreadPoolExecutor.java:1377)
	at scala.concurrent.impl.ExecutionContextImpl.execute(ExecutionContextImpl.scala:21)
	at scala.concurrent.impl.Promise$Transformation.submitWithValue(Promise.scala:429)
	at scala.concurrent.impl.Promise$DefaultPromise.submitWithValue(Promise.scala:338)
	at scala.concurrent.impl.Promise$DefaultPromise.tryComplete0(Promise.scala:285)
	at scala.concurrent.impl.Promise$Transformation.handleFailure(Promise.scala:444)
	at scala.concurrent.impl.Promise$Transformation.run(Promise.scala:506)
	at java.base/java.util.concurrent.ThreadPoolExecutor.runWorker(ThreadPoolExecutor.java:1144)
	at java.base/java.util.concurrent.ThreadPoolExecutor$Worker.run(ThreadPoolExecutor.java:642)
	at java.base/java.lang.Thread.run(Thread.java:1575)
2025.02.07 13:23:13 INFO  unable to setup persistent H2 database with AUTO_SERVER=true, falling back to AUTO_SERVER=false.[0m
2025.02.07 13:23:16 INFO  Started: Metals version 1.5.1 in folders '/home/albert/Documents/Kandidat/ProgSprog/MinimalScalaProject' for client Neovim 0.11.0-dev.[0m
2025.02.07 13:23:19 INFO  no build target found for /home/albert/Documents/Kandidat/ProgSprog/MinimalScalaProject/src/main/scala/Main.scala. Using presentation compiler with project's scala-library version: 3.3.4[0m
2025.02.07 13:23:19 INFO  no build target found for /home/albert/Documents/Kandidat/ProgSprog/MinimalScalaProject/src/main/scala/Main.scala. Using presentation compiler with project's scala-library version: 3.3.4[0m
2025.02.07 13:23:19 INFO  Attempting to connect to the build server...[0m
2025.02.07 13:23:19 INFO  Found a Bloop server running[0m
2025.02.07 13:23:20 INFO  tracing is disabled for protocol BSP, to enable tracing of incoming and outgoing JSON messages create an empty file at /home/albert/Documents/Kandidat/ProgSprog/MinimalScalaProject/.metals/bsp.trace.json or /home/albert/.cache/metals/bsp.trace.json[0m
2025.02.07 13:23:20 INFO  Attempting to connect to the build server...[0m
2025.02.07 13:23:20 INFO  Found a Bloop server running[0m
2025.02.07 13:23:20 INFO  tracing is disabled for protocol BSP, to enable tracing of incoming and outgoing JSON messages create an empty file at /home/albert/Documents/Kandidat/ProgSprog/MinimalScalaProject/project/.metals/bsp.trace.json or /home/albert/.cache/metals/bsp.trace.json[0m
2025.02.07 13:23:20 INFO  time: Connected to build server in 0.48s[0m
2025.02.07 13:23:20 INFO  Connected to Build server: Bloop v2.0.8[0m
2025.02.07 13:23:20 INFO  time: Imported build in 0.15s[0m
2025.02.07 13:23:21 INFO  running doctor check[0m
2025.02.07 13:23:21 INFO  java targets: minimalscalaproject-build, root, root-test[0m
2025.02.07 13:23:26 INFO  time: indexed workspace in 5.05s[0m
2025.02.07 13:23:26 INFO  time: compiled root in 0.15s[0m
Feb 07, 2025 1:23:26 PM org.eclipse.lsp4j.jsonrpc.RemoteEndpoint handleCancellation
WARNING: Unmatched cancel notification for request id 2
2025.02.07 13:25:49 INFO  Shutting down server[0m
2025.02.07 13:25:49 INFO  shutting down Metals[0m
2025.02.07 13:25:49 INFO  Shut down connection with build server.[0m
2025.02.07 13:25:49 INFO  Shut down connection with build server.[0m
